2022-05-26T17:19:10.229673+00:00 INFO 'ansible_navigator.setup_logger' New ansible-navigator instance, logging initialized
2022-05-26T17:19:10.232004+00:00 INFO 'ansible_navigator.setup_logger' New ansible-runner instance, logging initialized
2022-05-26T17:19:10.232047+00:00 DEBUG 'ansible_navigator.main' ansible-builder==1.1.0 /home/dmcrae/.local/lib/python3.9/site-packages
2022-05-26T17:19:10.232072+00:00 DEBUG 'ansible_navigator.main' ansible-core==2.13.0 /home/dmcrae/.local/lib/python3.9/site-packages
2022-05-26T17:19:10.232093+00:00 DEBUG 'ansible_navigator.main' ansible-navigator==2.1.0 /home/dmcrae/.local/lib/python3.9/site-packages
2022-05-26T17:19:10.232112+00:00 DEBUG 'ansible_navigator.main' ansible-runner==2.2.0 /home/dmcrae/.local/lib/python3.9/site-packages
2022-05-26T17:19:10.232130+00:00 DEBUG 'ansible_navigator.main' ansible==5.8.0 /home/dmcrae/.local/lib/python3.9/site-packages
2022-05-26T17:19:10.232143+00:00 DEBUG 'ansible_navigator.main' attrs==20.3.0 /usr/lib/python3/dist-packages
2022-05-26T17:19:10.232155+00:00 DEBUG 'ansible_navigator.main' automat==20.2.0 /usr/lib/python3/dist-packages
2022-05-26T17:19:10.232168+00:00 DEBUG 'ansible_navigator.main' bcrypt==3.1.7 /usr/lib/python3/dist-packages
2022-05-26T17:19:10.232180+00:00 DEBUG 'ansible_navigator.main' bindep==2.10.2 /home/dmcrae/.local/lib/python3.9/site-packages
2022-05-26T17:19:10.232192+00:00 DEBUG 'ansible_navigator.main' blinker==1.4 /usr/lib/python3/dist-packages
2022-05-26T17:19:10.232203+00:00 DEBUG 'ansible_navigator.main' boto3==1.21.46 /home/dmcrae/.local/lib/python3.9/site-packages
2022-05-26T17:19:10.232223+00:00 DEBUG 'ansible_navigator.main' boto==2.49.0 /home/dmcrae/.local/lib/python3.9/site-packages
2022-05-26T17:19:10.232234+00:00 DEBUG 'ansible_navigator.main' botocore==1.24.46 /home/dmcrae/.local/lib/python3.9/site-packages
2022-05-26T17:19:10.232246+00:00 DEBUG 'ansible_navigator.main' certifi==2020.6.20 /usr/lib/python3/dist-packages
2022-05-26T17:19:10.232258+00:00 DEBUG 'ansible_navigator.main' cffi==1.15.0 /home/dmcrae/.local/lib/python3.9/site-packages
2022-05-26T17:19:10.232269+00:00 DEBUG 'ansible_navigator.main' chardet==4.0.0 /usr/lib/python3/dist-packages
2022-05-26T17:19:10.232281+00:00 DEBUG 'ansible_navigator.main' click==7.1.2 /usr/lib/python3/dist-packages
2022-05-26T17:19:10.232292+00:00 DEBUG 'ansible_navigator.main' cloud-init==22.1 /usr/lib/python3/dist-packages
2022-05-26T17:19:10.232303+00:00 DEBUG 'ansible_navigator.main' colorama==0.4.3 /home/dmcrae/.local/lib/python3.9/site-packages
2022-05-26T17:19:10.232314+00:00 DEBUG 'ansible_navigator.main' command-not-found==0.3 /usr/lib/python3/dist-packages
2022-05-26T17:19:10.232325+00:00 DEBUG 'ansible_navigator.main' configobj==5.0.6 /usr/lib/python3/dist-packages
2022-05-26T17:19:10.232336+00:00 DEBUG 'ansible_navigator.main' constantly==15.1.0 /usr/lib/python3/dist-packages
2022-05-26T17:19:10.232348+00:00 DEBUG 'ansible_navigator.main' crit==0.0.1 /usr/lib/python3/dist-packages
2022-05-26T17:19:10.232359+00:00 DEBUG 'ansible_navigator.main' cryptography==3.3.2 /usr/lib/python3/dist-packages
2022-05-26T17:19:10.232370+00:00 DEBUG 'ansible_navigator.main' dbus-python==1.2.16 /usr/lib/python3/dist-packages
2022-05-26T17:19:10.232381+00:00 DEBUG 'ansible_navigator.main' distro-info==1.0 /usr/lib/python3/dist-packages
2022-05-26T17:19:10.232393+00:00 DEBUG 'ansible_navigator.main' distro==1.5.0 /usr/lib/python3/dist-packages
2022-05-26T17:19:10.232404+00:00 DEBUG 'ansible_navigator.main' docutils==0.15.2 /home/dmcrae/.local/lib/python3.9/site-packages
2022-05-26T17:19:10.232415+00:00 DEBUG 'ansible_navigator.main' httplib2==0.18.1 /usr/lib/python3/dist-packages
2022-05-26T17:19:10.232426+00:00 DEBUG 'ansible_navigator.main' hyperlink==19.0.0 /usr/lib/python3/dist-packages
2022-05-26T17:19:10.232437+00:00 DEBUG 'ansible_navigator.main' idna==2.10 /usr/lib/python3/dist-packages
2022-05-26T17:19:10.232449+00:00 DEBUG 'ansible_navigator.main' importlib-metadata==4.0.1 /usr/lib/python3/dist-packages
2022-05-26T17:19:10.232460+00:00 DEBUG 'ansible_navigator.main' incremental==17.5.0 /usr/lib/python3/dist-packages
2022-05-26T17:19:10.232473+00:00 DEBUG 'ansible_navigator.main' jeepney==0.7.1 /usr/lib/python3/dist-packages
2022-05-26T17:19:10.232485+00:00 DEBUG 'ansible_navigator.main' jinja2==3.1.2 /home/dmcrae/.local/lib/python3.9/site-packages
2022-05-26T17:19:10.232496+00:00 DEBUG 'ansible_navigator.main' jmespath==1.0.0 /home/dmcrae/.local/lib/python3.9/site-packages
2022-05-26T17:19:10.232507+00:00 DEBUG 'ansible_navigator.main' jsonpatch==1.25 /usr/lib/python3/dist-packages
2022-05-26T17:19:10.232518+00:00 DEBUG 'ansible_navigator.main' jsonpointer==2.0 /usr/lib/python3/dist-packages
2022-05-26T17:19:10.232529+00:00 DEBUG 'ansible_navigator.main' jsonschema==3.2.0 /usr/lib/python3/dist-packages
2022-05-26T17:19:10.232541+00:00 DEBUG 'ansible_navigator.main' keyring==23.0.1 /usr/lib/python3/dist-packages
2022-05-26T17:19:10.232552+00:00 DEBUG 'ansible_navigator.main' launchpadlib==1.10.13 /usr/lib/python3/dist-packages
2022-05-26T17:19:10.232563+00:00 DEBUG 'ansible_navigator.main' lazr.restfulclient==0.14.2 /usr/lib/python3/dist-packages
2022-05-26T17:19:10.232574+00:00 DEBUG 'ansible_navigator.main' lazr.uri==1.0.5 /usr/lib/python3/dist-packages
2022-05-26T17:19:10.232585+00:00 DEBUG 'ansible_navigator.main' lockfile==0.12.2 /home/dmcrae/.local/lib/python3.9/site-packages
2022-05-26T17:19:10.232596+00:00 DEBUG 'ansible_navigator.main' markupsafe==2.1.1 /home/dmcrae/.local/lib/python3.9/site-packages
2022-05-26T17:19:10.232608+00:00 DEBUG 'ansible_navigator.main' more-itertools==4.2.0 /usr/lib/python3/dist-packages
2022-05-26T17:19:10.232618+00:00 DEBUG 'ansible_navigator.main' netifaces==0.10.9 /usr/lib/python3/dist-packages
2022-05-26T17:19:10.232630+00:00 DEBUG 'ansible_navigator.main' oauthlib==3.1.0 /usr/lib/python3/dist-packages
2022-05-26T17:19:10.232641+00:00 DEBUG 'ansible_navigator.main' onigurumacffi==1.1.0 /home/dmcrae/.local/lib/python3.9/site-packages
2022-05-26T17:19:10.232651+00:00 DEBUG 'ansible_navigator.main' packaging==21.3 /home/dmcrae/.local/lib/python3.9/site-packages
2022-05-26T17:19:10.232662+00:00 DEBUG 'ansible_navigator.main' parsley==1.3 /home/dmcrae/.local/lib/python3.9/site-packages
2022-05-26T17:19:10.232677+00:00 DEBUG 'ansible_navigator.main' pbr==5.8.1 /home/dmcrae/.local/lib/python3.9/site-packages
2022-05-26T17:19:10.232688+00:00 DEBUG 'ansible_navigator.main' pexpect==4.8.0 /usr/lib/python3/dist-packages
2022-05-26T17:19:10.232699+00:00 DEBUG 'ansible_navigator.main' pip==20.3.4 /usr/lib/python3/dist-packages
2022-05-26T17:19:10.232710+00:00 DEBUG 'ansible_navigator.main' podman-compose==1.0.3 /home/dmcrae/.local/lib/python3.9/site-packages
2022-05-26T17:19:10.232721+00:00 DEBUG 'ansible_navigator.main' protobuf==3.12.4 /usr/lib/python3/dist-packages
2022-05-26T17:19:10.232732+00:00 DEBUG 'ansible_navigator.main' pyasn1-modules==0.2.1 /usr/lib/python3/dist-packages
2022-05-26T17:19:10.232743+00:00 DEBUG 'ansible_navigator.main' pyasn1==0.4.8 /usr/lib/python3/dist-packages
2022-05-26T17:19:10.232754+00:00 DEBUG 'ansible_navigator.main' pycparser==2.21 /home/dmcrae/.local/lib/python3.9/site-packages
2022-05-26T17:19:10.232765+00:00 DEBUG 'ansible_navigator.main' pygobject==3.40.1 /usr/lib/python3/dist-packages
2022-05-26T17:19:10.232776+00:00 DEBUG 'ansible_navigator.main' pyhamcrest==1.9.0 /usr/lib/python3/dist-packages
2022-05-26T17:19:10.232787+00:00 DEBUG 'ansible_navigator.main' pyjwt==1.7.1 /usr/lib/python3/dist-packages
2022-05-26T17:19:10.232799+00:00 DEBUG 'ansible_navigator.main' pyopenssl==20.0.1 /usr/lib/python3/dist-packages
2022-05-26T17:19:10.232809+00:00 DEBUG 'ansible_navigator.main' pyparsing==3.0.7 /home/dmcrae/.local/lib/python3.9/site-packages
2022-05-26T17:19:10.232821+00:00 DEBUG 'ansible_navigator.main' pyrsistent==0.15.5 /usr/lib/python3/dist-packages
2022-05-26T17:19:10.232831+00:00 DEBUG 'ansible_navigator.main' pyserial==3.5b0 /usr/lib/python3/dist-packages
2022-05-26T17:19:10.232842+00:00 DEBUG 'ansible_navigator.main' python-apt==2.2.1 /usr/lib/python3/dist-packages
2022-05-26T17:19:10.232853+00:00 DEBUG 'ansible_navigator.main' python-daemon==2.3.0 /home/dmcrae/.local/lib/python3.9/site-packages
2022-05-26T17:19:10.232866+00:00 DEBUG 'ansible_navigator.main' python-dateutil==2.8.2 /home/dmcrae/.local/lib/python3.9/site-packages
2022-05-26T17:19:10.232877+00:00 DEBUG 'ansible_navigator.main' python-debian==0.1.39ubuntu1 /usr/lib/python3/dist-packages
2022-05-26T17:19:10.232888+00:00 DEBUG 'ansible_navigator.main' python-dotenv==0.19.2 /home/dmcrae/.local/lib/python3.9/site-packages
2022-05-26T17:19:10.232900+00:00 DEBUG 'ansible_navigator.main' pyyaml==5.3.1 /usr/lib/python3/dist-packages
2022-05-26T17:19:10.232911+00:00 DEBUG 'ansible_navigator.main' requests==2.25.1 /usr/lib/python3/dist-packages
2022-05-26T17:19:10.232922+00:00 DEBUG 'ansible_navigator.main' requirements-parser==0.5.0 /home/dmcrae/.local/lib/python3.9/site-packages
2022-05-26T17:19:10.232933+00:00 DEBUG 'ansible_navigator.main' resolvelib==0.5.4 /home/dmcrae/.local/lib/python3.9/site-packages
2022-05-26T17:19:10.232945+00:00 DEBUG 'ansible_navigator.main' rsa==4.7.2 /home/dmcrae/.local/lib/python3.9/site-packages
2022-05-26T17:19:10.232956+00:00 DEBUG 'ansible_navigator.main' s3transfer==0.5.2 /home/dmcrae/.local/lib/python3.9/site-packages
2022-05-26T17:19:10.232967+00:00 DEBUG 'ansible_navigator.main' secretstorage==3.3.1 /usr/lib/python3/dist-packages
2022-05-26T17:19:10.232978+00:00 DEBUG 'ansible_navigator.main' service-identity==18.1.0 /usr/lib/python3/dist-packages
2022-05-26T17:19:10.232990+00:00 DEBUG 'ansible_navigator.main' setuptools==52.0.0 /usr/lib/python3/dist-packages
2022-05-26T17:19:10.233001+00:00 DEBUG 'ansible_navigator.main' simplejson==3.17.2 /usr/lib/python3/dist-packages
2022-05-26T17:19:10.233012+00:00 DEBUG 'ansible_navigator.main' six==1.16.0 /usr/lib/python3/dist-packages
2022-05-26T17:19:10.233024+00:00 DEBUG 'ansible_navigator.main' sos==4.3 /usr/lib/python3/dist-packages
2022-05-26T17:19:10.233035+00:00 DEBUG 'ansible_navigator.main' ssh-import-id==5.11 /usr/lib/python3/dist-packages
2022-05-26T17:19:10.233046+00:00 DEBUG 'ansible_navigator.main' systemd-python==234 /usr/lib/python3/dist-packages
2022-05-26T17:19:10.233057+00:00 DEBUG 'ansible_navigator.main' twisted==20.3.0 /usr/lib/python3/dist-packages
2022-05-26T17:19:10.233068+00:00 DEBUG 'ansible_navigator.main' types-setuptools==57.4.9 /home/dmcrae/.local/lib/python3.9/site-packages
2022-05-26T17:19:10.233079+00:00 DEBUG 'ansible_navigator.main' tzdata==2022.1 /home/dmcrae/.local/lib/python3.9/site-packages
2022-05-26T17:19:10.233090+00:00 DEBUG 'ansible_navigator.main' ubuntu-advantage-tools==27.8 /usr/lib/python3/dist-packages
2022-05-26T17:19:10.233101+00:00 DEBUG 'ansible_navigator.main' ufw==0.36.1 /usr/lib/python3/dist-packages
2022-05-26T17:19:10.233113+00:00 DEBUG 'ansible_navigator.main' unattended-upgrades==0.1 /usr/lib/python3/dist-packages
2022-05-26T17:19:10.233124+00:00 DEBUG 'ansible_navigator.main' urllib3==1.26.5 /usr/lib/python3/dist-packages
2022-05-26T17:19:10.233135+00:00 DEBUG 'ansible_navigator.main' wadllib==1.3.5 /usr/lib/python3/dist-packages
2022-05-26T17:19:10.233146+00:00 DEBUG 'ansible_navigator.main' wheel==0.34.2 /usr/lib/python3/dist-packages
2022-05-26T17:19:10.233157+00:00 DEBUG 'ansible_navigator.main' zipp==1.0.0 /usr/lib/python3/dist-packages
2022-05-26T17:19:10.233168+00:00 DEBUG 'ansible_navigator.main' zope.interface==5.2.0 /usr/lib/python3/dist-packages
2022-05-26T17:19:10.233179+00:00 DEBUG 'ansible_navigator.main' Share directory '/home/dmcrae/.local/lib/python3.9/share/ansible_navigator' not found (development path)
2022-05-26T17:19:10.233190+00:00 DEBUG 'ansible_navigator.main' Share directory '/home/dmcrae/.local/share/ansible_navigator' found (userbase)
2022-05-26T17:19:10.233202+00:00 DEBUG 'ansible_navigator.main' Default collection_doc_cache_path set to: /home/dmcrae/.cache/ansible-navigator/collection_doc_cache.db
2022-05-26T17:19:10.233243+00:00 DEBUG 'ansible_navigator.main' EDITOR environment variable not set
2022-05-26T17:19:10.233277+00:00 DEBUG 'ansible_navigator.main' Default editor_command set to: vi +{line_number} {filename}
2022-05-26T17:19:10.233295+00:00 DEBUG 'ansible_navigator.main' No config file set by ANSIBLE_NAVIGATOR_CONFIG
2022-05-26T17:19:10.233308+00:00 DEBUG 'ansible_navigator.main' Looking in /home/dmcrae
2022-05-26T17:19:10.233321+00:00 DEBUG 'ansible_navigator.main' Looking for '/home/dmcrae/.ansible-navigator.yml', '/home/dmcrae/.ansible-navigator.yaml' and '/home/dmcrae/.ansible-navigator.json'
2022-05-26T17:19:10.233334+00:00 DEBUG 'ansible_navigator.main' Found 0: 
2022-05-26T17:19:10.233346+00:00 DEBUG 'ansible_navigator.main' Looking in /home/dmcrae/grad_repo/AnsibleCollectionsEE
2022-05-26T17:19:10.233359+00:00 DEBUG 'ansible_navigator.main' Looking for '/home/dmcrae/grad_repo/AnsibleCollectionsEE/ansible-navigator.yml', '/home/dmcrae/grad_repo/AnsibleCollectionsEE/ansible-navigator.yaml' and '/home/dmcrae/grad_repo/AnsibleCollectionsEE/ansible-navigator.json'
2022-05-26T17:19:10.233372+00:00 DEBUG 'ansible_navigator.main' Found 0: 
2022-05-26T17:19:10.233384+00:00 DEBUG 'ansible_navigator.main' All found 0: 
2022-05-26T17:19:10.233395+00:00 DEBUG 'ansible_navigator.main' Using: None
2022-05-26T17:19:10.233407+00:00 DEBUG 'ansible_navigator.main' No valid settings file found, using all default values for settings.
2022-05-26T17:19:10.233419+00:00 DEBUG 'ansible_navigator.main' Command provided: ':doc'
2022-05-26T17:19:10.233433+00:00 WARNING 'ansible_navigator.main' Configuration errors encountered, rolling back to previous configuration.
2022-05-26T17:19:10.233446+00:00 DEBUG 'ansible_navigator.main' Prior to rollback: ansible_runner_artifact_dir = 'Not set' (Constants/Not set)
2022-05-26T17:19:10.233458+00:00 DEBUG 'ansible_navigator.main' Prior to rollback: ansible_runner_rotate_artifacts_count = 'Not set' (Constants/Not set)
2022-05-26T17:19:10.233470+00:00 DEBUG 'ansible_navigator.main' Prior to rollback: ansible_runner_timeout = 'Not set' (Constants/Not set)
2022-05-26T17:19:10.233482+00:00 DEBUG 'ansible_navigator.main' Prior to rollback: app = 'welcome' (str/Defaults)
2022-05-26T17:19:10.233493+00:00 DEBUG 'ansible_navigator.main' Prior to rollback: cmdline = '[':doc']' (list/Command line)
2022-05-26T17:19:10.233505+00:00 DEBUG 'ansible_navigator.main' Prior to rollback: collection_doc_cache_path = '/home/dmcrae/.cache/ansible-navigator/collection_doc_cache.db' (str/Defaults)
2022-05-26T17:19:10.233529+00:00 DEBUG 'ansible_navigator.main' Prior to rollback: config = 'Not set' (Constants/Not set)
2022-05-26T17:19:10.233541+00:00 DEBUG 'ansible_navigator.main' Prior to rollback: container_engine = 'auto' (str/Defaults)
2022-05-26T17:19:10.233553+00:00 DEBUG 'ansible_navigator.main' Prior to rollback: container_options = 'Not set' (Constants/Not set)
2022-05-26T17:19:10.233564+00:00 DEBUG 'ansible_navigator.main' Prior to rollback: display_color = 'True' (bool/Defaults)
2022-05-26T17:19:10.233577+00:00 DEBUG 'ansible_navigator.main' Prior to rollback: editor_command = 'vi +{line_number} {filename}' (str/Defaults)
2022-05-26T17:19:10.233588+00:00 DEBUG 'ansible_navigator.main' Prior to rollback: editor_console = 'True' (bool/Defaults)
2022-05-26T17:19:10.233599+00:00 DEBUG 'ansible_navigator.main' Prior to rollback: exec_command = '/bin/bash' (str/Defaults)
2022-05-26T17:19:10.233610+00:00 DEBUG 'ansible_navigator.main' Prior to rollback: exec_shell = 'True' (bool/Defaults)
2022-05-26T17:19:10.233622+00:00 DEBUG 'ansible_navigator.main' Prior to rollback: execution_environment = 'True' (bool/Defaults)
2022-05-26T17:19:10.233633+00:00 DEBUG 'ansible_navigator.main' Prior to rollback: execution_environment_image = 'quay.io/ansible/creator-ee:v0.4.2' (str/Defaults)
2022-05-26T17:19:10.233644+00:00 DEBUG 'ansible_navigator.main' Prior to rollback: execution_environment_volume_mounts = 'Not set' (Constants/Not set)
2022-05-26T17:19:10.233655+00:00 DEBUG 'ansible_navigator.main' Prior to rollback: help_builder = 'False' (bool/Defaults)
2022-05-26T17:19:10.233667+00:00 DEBUG 'ansible_navigator.main' Prior to rollback: help_config = 'False' (bool/Defaults)
2022-05-26T17:19:10.233678+00:00 DEBUG 'ansible_navigator.main' Prior to rollback: help_doc = 'False' (bool/Defaults)
2022-05-26T17:19:10.233691+00:00 DEBUG 'ansible_navigator.main' Prior to rollback: help_inventory = 'False' (bool/Defaults)
2022-05-26T17:19:10.233702+00:00 DEBUG 'ansible_navigator.main' Prior to rollback: help_playbook = 'False' (bool/Defaults)
2022-05-26T17:19:10.233714+00:00 DEBUG 'ansible_navigator.main' Prior to rollback: images_details = '['everything']' (list/Defaults)
2022-05-26T17:19:10.233725+00:00 DEBUG 'ansible_navigator.main' Prior to rollback: inventory = 'Not set' (Constants/Not set)
2022-05-26T17:19:10.233736+00:00 DEBUG 'ansible_navigator.main' Prior to rollback: inventory_column = 'Not set' (Constants/Not set)
2022-05-26T17:19:10.233747+00:00 DEBUG 'ansible_navigator.main' Prior to rollback: lint_config = 'Not set' (Constants/Not set)
2022-05-26T17:19:10.233759+00:00 DEBUG 'ansible_navigator.main' Prior to rollback: lintables = 'Not set' (Constants/Not set)
2022-05-26T17:19:10.233770+00:00 DEBUG 'ansible_navigator.main' Prior to rollback: log_append = 'True' (bool/Defaults)
2022-05-26T17:19:10.233782+00:00 DEBUG 'ansible_navigator.main' Prior to rollback: log_file = '/home/dmcrae/grad_repo/AnsibleCollectionsEE/ansible-navigator.log' (str/Defaults)
2022-05-26T17:19:10.233793+00:00 DEBUG 'ansible_navigator.main' Prior to rollback: log_level = 'warning' (str/Defaults)
2022-05-26T17:19:10.233804+00:00 DEBUG 'ansible_navigator.main' Prior to rollback: mode = 'interactive' (str/Defaults)
2022-05-26T17:19:10.233815+00:00 DEBUG 'ansible_navigator.main' Prior to rollback: osc4 = 'True' (bool/Defaults)
2022-05-26T17:19:10.233826+00:00 DEBUG 'ansible_navigator.main' Prior to rollback: pass_environment_variable = 'Not set' (Constants/Not set)
2022-05-26T17:19:10.233837+00:00 DEBUG 'ansible_navigator.main' Prior to rollback: playbook = 'Not set' (Constants/Not set)
2022-05-26T17:19:10.233848+00:00 DEBUG 'ansible_navigator.main' Prior to rollback: playbook_artifact_enable = 'True' (bool/Defaults)
2022-05-26T17:19:10.233859+00:00 DEBUG 'ansible_navigator.main' Prior to rollback: playbook_artifact_replay = 'Not set' (Constants/Not set)
2022-05-26T17:19:10.233870+00:00 DEBUG 'ansible_navigator.main' Prior to rollback: playbook_artifact_save_as = '{playbook_dir}/{playbook_name}-artifact-{time_stamp}.json' (str/Defaults)
2022-05-26T17:19:10.233881+00:00 DEBUG 'ansible_navigator.main' Prior to rollback: plugin_name = 'Not set' (Constants/Not set)
2022-05-26T17:19:10.233892+00:00 DEBUG 'ansible_navigator.main' Prior to rollback: plugin_type = 'module' (str/Defaults)
2022-05-26T17:19:10.233903+00:00 DEBUG 'ansible_navigator.main' Prior to rollback: pull_arguments = 'Not set' (Constants/Not set)
2022-05-26T17:19:10.233914+00:00 DEBUG 'ansible_navigator.main' Prior to rollback: pull_policy = 'tag' (str/Defaults)
2022-05-26T17:19:10.233925+00:00 DEBUG 'ansible_navigator.main' Prior to rollback: set_environment_variable = 'Not set' (Constants/Not set)
2022-05-26T17:19:10.233936+00:00 DEBUG 'ansible_navigator.main' Prior to rollback: settings_effective = 'False' (bool/Defaults)
2022-05-26T17:19:10.233947+00:00 DEBUG 'ansible_navigator.main' Prior to rollback: settings_sample = 'False' (bool/Defaults)
2022-05-26T17:19:10.233958+00:00 DEBUG 'ansible_navigator.main' Prior to rollback: settings_schema = 'json' (str/Defaults)
2022-05-26T17:19:10.233969+00:00 DEBUG 'ansible_navigator.main' Prior to rollback: settings_sources = 'False' (bool/Defaults)
2022-05-26T17:19:10.233980+00:00 DEBUG 'ansible_navigator.main' Prior to rollback: time_zone = 'UTC' (str/Defaults)
2022-05-26T17:19:10.233992+00:00 DEBUG 'ansible_navigator.main' Prior to rollback: workdir = '/home/dmcrae/grad_repo/AnsibleCollectionsEE' (str/Defaults)
2022-05-26T17:19:10.234003+00:00 DEBUG 'ansible_navigator.main' After rollback: ansible_runner_artifact_dir = 'Not set' (Constants/Not set)
2022-05-26T17:19:10.234014+00:00 DEBUG 'ansible_navigator.main' After rollback: ansible_runner_rotate_artifacts_count = 'Not set' (Constants/Not set)
2022-05-26T17:19:10.234025+00:00 DEBUG 'ansible_navigator.main' After rollback: ansible_runner_timeout = 'Not set' (Constants/Not set)
2022-05-26T17:19:10.234037+00:00 DEBUG 'ansible_navigator.main' After rollback: app = 'Not set' (Constants/Not set)
2022-05-26T17:19:10.234050+00:00 DEBUG 'ansible_navigator.main' After rollback: cmdline = 'Not set' (Constants/Not set)
2022-05-26T17:19:10.234060+00:00 DEBUG 'ansible_navigator.main' After rollback: collection_doc_cache_path = 'Not set' (Constants/Not set)
2022-05-26T17:19:10.234071+00:00 DEBUG 'ansible_navigator.main' After rollback: config = 'Not set' (Constants/Not set)
2022-05-26T17:19:10.234082+00:00 DEBUG 'ansible_navigator.main' After rollback: container_engine = 'Not set' (Constants/Not set)
2022-05-26T17:19:10.234093+00:00 DEBUG 'ansible_navigator.main' After rollback: container_options = 'Not set' (Constants/Not set)
2022-05-26T17:19:10.234105+00:00 DEBUG 'ansible_navigator.main' After rollback: display_color = 'Not set' (Constants/Not set)
2022-05-26T17:19:10.234116+00:00 DEBUG 'ansible_navigator.main' After rollback: editor_command = 'Not set' (Constants/Not set)
2022-05-26T17:19:10.234127+00:00 DEBUG 'ansible_navigator.main' After rollback: editor_console = 'Not set' (Constants/Not set)
2022-05-26T17:19:10.234138+00:00 DEBUG 'ansible_navigator.main' After rollback: exec_command = 'Not set' (Constants/Not set)
2022-05-26T17:19:10.234149+00:00 DEBUG 'ansible_navigator.main' After rollback: exec_shell = 'Not set' (Constants/Not set)
2022-05-26T17:19:10.234160+00:00 DEBUG 'ansible_navigator.main' After rollback: execution_environment = 'Not set' (Constants/Not set)
2022-05-26T17:19:10.234171+00:00 DEBUG 'ansible_navigator.main' After rollback: execution_environment_image = 'Not set' (Constants/Not set)
2022-05-26T17:19:10.234182+00:00 DEBUG 'ansible_navigator.main' After rollback: execution_environment_volume_mounts = 'Not set' (Constants/Not set)
2022-05-26T17:19:10.234193+00:00 DEBUG 'ansible_navigator.main' After rollback: help_builder = 'Not set' (Constants/Not set)
2022-05-26T17:19:10.234223+00:00 DEBUG 'ansible_navigator.main' After rollback: help_config = 'Not set' (Constants/Not set)
2022-05-26T17:19:10.234244+00:00 DEBUG 'ansible_navigator.main' After rollback: help_doc = 'Not set' (Constants/Not set)
2022-05-26T17:19:10.234258+00:00 DEBUG 'ansible_navigator.main' After rollback: help_inventory = 'Not set' (Constants/Not set)
2022-05-26T17:19:10.234271+00:00 DEBUG 'ansible_navigator.main' After rollback: help_playbook = 'Not set' (Constants/Not set)
2022-05-26T17:19:10.234283+00:00 DEBUG 'ansible_navigator.main' After rollback: images_details = 'Not set' (Constants/Not set)
2022-05-26T17:19:10.234296+00:00 DEBUG 'ansible_navigator.main' After rollback: inventory = 'Not set' (Constants/Not set)
2022-05-26T17:19:10.234308+00:00 DEBUG 'ansible_navigator.main' After rollback: inventory_column = 'Not set' (Constants/Not set)
2022-05-26T17:19:10.234320+00:00 DEBUG 'ansible_navigator.main' After rollback: lint_config = 'Not set' (Constants/Not set)
2022-05-26T17:19:10.234332+00:00 DEBUG 'ansible_navigator.main' After rollback: lintables = 'Not set' (Constants/Not set)
2022-05-26T17:19:10.234344+00:00 DEBUG 'ansible_navigator.main' After rollback: log_append = 'Not set' (Constants/Not set)
2022-05-26T17:19:10.234355+00:00 DEBUG 'ansible_navigator.main' After rollback: log_file = 'Not set' (Constants/Not set)
2022-05-26T17:19:10.234367+00:00 DEBUG 'ansible_navigator.main' After rollback: log_level = 'Not set' (Constants/Not set)
2022-05-26T17:19:10.234379+00:00 DEBUG 'ansible_navigator.main' After rollback: mode = 'Not set' (Constants/Not set)
2022-05-26T17:19:10.234391+00:00 DEBUG 'ansible_navigator.main' After rollback: osc4 = 'Not set' (Constants/Not set)
2022-05-26T17:19:10.234403+00:00 DEBUG 'ansible_navigator.main' After rollback: pass_environment_variable = 'Not set' (Constants/Not set)
2022-05-26T17:19:10.234415+00:00 DEBUG 'ansible_navigator.main' After rollback: playbook = 'Not set' (Constants/Not set)
2022-05-26T17:19:10.234427+00:00 DEBUG 'ansible_navigator.main' After rollback: playbook_artifact_enable = 'Not set' (Constants/Not set)
2022-05-26T17:19:10.234441+00:00 DEBUG 'ansible_navigator.main' After rollback: playbook_artifact_replay = 'Not set' (Constants/Not set)
2022-05-26T17:19:10.234451+00:00 DEBUG 'ansible_navigator.main' After rollback: playbook_artifact_save_as = 'Not set' (Constants/Not set)
2022-05-26T17:19:10.234461+00:00 DEBUG 'ansible_navigator.main' After rollback: plugin_name = 'Not set' (Constants/Not set)
2022-05-26T17:19:10.234471+00:00 DEBUG 'ansible_navigator.main' After rollback: plugin_type = 'Not set' (Constants/Not set)
2022-05-26T17:19:10.234482+00:00 DEBUG 'ansible_navigator.main' After rollback: pull_arguments = 'Not set' (Constants/Not set)
2022-05-26T17:19:10.234492+00:00 DEBUG 'ansible_navigator.main' After rollback: pull_policy = 'Not set' (Constants/Not set)
2022-05-26T17:19:10.234504+00:00 DEBUG 'ansible_navigator.main' After rollback: set_environment_variable = 'Not set' (Constants/Not set)
2022-05-26T17:19:10.234515+00:00 DEBUG 'ansible_navigator.main' After rollback: settings_effective = 'Not set' (Constants/Not set)
2022-05-26T17:19:10.234527+00:00 DEBUG 'ansible_navigator.main' After rollback: settings_sample = 'Not set' (Constants/Not set)
2022-05-26T17:19:10.234539+00:00 DEBUG 'ansible_navigator.main' After rollback: settings_schema = 'Not set' (Constants/Not set)
2022-05-26T17:19:10.234550+00:00 DEBUG 'ansible_navigator.main' After rollback: settings_sources = 'Not set' (Constants/Not set)
2022-05-26T17:19:10.234561+00:00 DEBUG 'ansible_navigator.main' After rollback: time_zone = 'Not set' (Constants/Not set)
2022-05-26T17:19:10.234572+00:00 DEBUG 'ansible_navigator.main' After rollback: workdir = 'Not set' (Constants/Not set)
2022-05-26T17:19:10.234584+00:00 DEBUG 'ansible_navigator.main' Configuration rollback complete.
2022-05-26T17:19:10.234595+00:00 DEBUG 'ansible_navigator.main' Collection doc cache not mounted
2022-05-26T17:19:10.234613+00:00 WARNING 'ansible_navigator.main' Issues were found while applying the settings.
2022-05-26T17:19:10.234627+00:00 INFO 'ansible_navigator.main' Command provided: ':doc'
2022-05-26T17:19:10.234643+00:00 ERROR 'ansible_navigator.main' argument {subcommand} --help: invalid choice: ':doc' (choose from 'builder', 'collections', 'config', 'doc', 'exec', 'images', 'inventory', 'lint', 'replay', 'run', 'settings', 'welcome')
2022-05-26T17:19:10.234660+00:00 INFO 'ansible_navigator.main' Configuration failed, using default log file location. (/home/dmcrae/grad_repo/AnsibleCollectionsEE/ansible-navigator.log) Log level set to debug
2022-05-26T17:19:10.234675+00:00 INFO 'ansible_navigator.main' Review the hints and log file to see what went wrong.
2022-05-26T17:19:13.965396+00:00 INFO 'ansible_navigator.setup_logger' New ansible-navigator instance, logging initialized
2022-05-26T17:19:13.965581+00:00 INFO 'ansible_navigator.setup_logger' New ansible-runner instance, logging initialized
2022-05-26T17:19:13.965608+00:00 DEBUG 'ansible_navigator.main' ansible-builder==1.1.0 /home/dmcrae/.local/lib/python3.9/site-packages
2022-05-26T17:19:13.965626+00:00 DEBUG 'ansible_navigator.main' ansible-core==2.13.0 /home/dmcrae/.local/lib/python3.9/site-packages
2022-05-26T17:19:13.965640+00:00 DEBUG 'ansible_navigator.main' ansible-navigator==2.1.0 /home/dmcrae/.local/lib/python3.9/site-packages
2022-05-26T17:19:13.965656+00:00 DEBUG 'ansible_navigator.main' ansible-runner==2.2.0 /home/dmcrae/.local/lib/python3.9/site-packages
2022-05-26T17:19:13.965669+00:00 DEBUG 'ansible_navigator.main' ansible==5.8.0 /home/dmcrae/.local/lib/python3.9/site-packages
2022-05-26T17:19:13.965685+00:00 DEBUG 'ansible_navigator.main' attrs==20.3.0 /usr/lib/python3/dist-packages
2022-05-26T17:19:13.965697+00:00 DEBUG 'ansible_navigator.main' automat==20.2.0 /usr/lib/python3/dist-packages
2022-05-26T17:19:13.965709+00:00 DEBUG 'ansible_navigator.main' bcrypt==3.1.7 /usr/lib/python3/dist-packages
2022-05-26T17:19:13.965721+00:00 DEBUG 'ansible_navigator.main' bindep==2.10.2 /home/dmcrae/.local/lib/python3.9/site-packages
2022-05-26T17:19:13.965734+00:00 DEBUG 'ansible_navigator.main' blinker==1.4 /usr/lib/python3/dist-packages
2022-05-26T17:19:13.965751+00:00 DEBUG 'ansible_navigator.main' boto3==1.21.46 /home/dmcrae/.local/lib/python3.9/site-packages
2022-05-26T17:19:13.965763+00:00 DEBUG 'ansible_navigator.main' boto==2.49.0 /home/dmcrae/.local/lib/python3.9/site-packages
2022-05-26T17:19:13.965775+00:00 DEBUG 'ansible_navigator.main' botocore==1.24.46 /home/dmcrae/.local/lib/python3.9/site-packages
2022-05-26T17:19:13.965787+00:00 DEBUG 'ansible_navigator.main' certifi==2020.6.20 /usr/lib/python3/dist-packages
2022-05-26T17:19:13.965799+00:00 DEBUG 'ansible_navigator.main' cffi==1.15.0 /home/dmcrae/.local/lib/python3.9/site-packages
2022-05-26T17:19:13.965811+00:00 DEBUG 'ansible_navigator.main' chardet==4.0.0 /usr/lib/python3/dist-packages
2022-05-26T17:19:13.965822+00:00 DEBUG 'ansible_navigator.main' click==7.1.2 /usr/lib/python3/dist-packages
2022-05-26T17:19:13.965834+00:00 DEBUG 'ansible_navigator.main' cloud-init==22.1 /usr/lib/python3/dist-packages
2022-05-26T17:19:13.965846+00:00 DEBUG 'ansible_navigator.main' colorama==0.4.3 /home/dmcrae/.local/lib/python3.9/site-packages
2022-05-26T17:19:13.965858+00:00 DEBUG 'ansible_navigator.main' command-not-found==0.3 /usr/lib/python3/dist-packages
2022-05-26T17:19:13.965869+00:00 DEBUG 'ansible_navigator.main' configobj==5.0.6 /usr/lib/python3/dist-packages
2022-05-26T17:19:13.965881+00:00 DEBUG 'ansible_navigator.main' constantly==15.1.0 /usr/lib/python3/dist-packages
2022-05-26T17:19:13.965892+00:00 DEBUG 'ansible_navigator.main' crit==0.0.1 /usr/lib/python3/dist-packages
2022-05-26T17:19:13.965904+00:00 DEBUG 'ansible_navigator.main' cryptography==3.3.2 /usr/lib/python3/dist-packages
2022-05-26T17:19:13.965915+00:00 DEBUG 'ansible_navigator.main' dbus-python==1.2.16 /usr/lib/python3/dist-packages
2022-05-26T17:19:13.965927+00:00 DEBUG 'ansible_navigator.main' distro-info==1.0 /usr/lib/python3/dist-packages
2022-05-26T17:19:13.965938+00:00 DEBUG 'ansible_navigator.main' distro==1.5.0 /usr/lib/python3/dist-packages
2022-05-26T17:19:13.965950+00:00 DEBUG 'ansible_navigator.main' docutils==0.15.2 /home/dmcrae/.local/lib/python3.9/site-packages
2022-05-26T17:19:13.965961+00:00 DEBUG 'ansible_navigator.main' httplib2==0.18.1 /usr/lib/python3/dist-packages
2022-05-26T17:19:13.965972+00:00 DEBUG 'ansible_navigator.main' hyperlink==19.0.0 /usr/lib/python3/dist-packages
2022-05-26T17:19:13.965983+00:00 DEBUG 'ansible_navigator.main' idna==2.10 /usr/lib/python3/dist-packages
2022-05-26T17:19:13.965995+00:00 DEBUG 'ansible_navigator.main' importlib-metadata==4.0.1 /usr/lib/python3/dist-packages
2022-05-26T17:19:13.966006+00:00 DEBUG 'ansible_navigator.main' incremental==17.5.0 /usr/lib/python3/dist-packages
2022-05-26T17:19:13.966017+00:00 DEBUG 'ansible_navigator.main' jeepney==0.7.1 /usr/lib/python3/dist-packages
2022-05-26T17:19:13.966028+00:00 DEBUG 'ansible_navigator.main' jinja2==3.1.2 /home/dmcrae/.local/lib/python3.9/site-packages
2022-05-26T17:19:13.966039+00:00 DEBUG 'ansible_navigator.main' jmespath==1.0.0 /home/dmcrae/.local/lib/python3.9/site-packages
2022-05-26T17:19:13.966050+00:00 DEBUG 'ansible_navigator.main' jsonpatch==1.25 /usr/lib/python3/dist-packages
2022-05-26T17:19:13.966061+00:00 DEBUG 'ansible_navigator.main' jsonpointer==2.0 /usr/lib/python3/dist-packages
2022-05-26T17:19:13.966072+00:00 DEBUG 'ansible_navigator.main' jsonschema==3.2.0 /usr/lib/python3/dist-packages
2022-05-26T17:19:13.966084+00:00 DEBUG 'ansible_navigator.main' keyring==23.0.1 /usr/lib/python3/dist-packages
2022-05-26T17:19:13.966095+00:00 DEBUG 'ansible_navigator.main' launchpadlib==1.10.13 /usr/lib/python3/dist-packages
2022-05-26T17:19:13.966106+00:00 DEBUG 'ansible_navigator.main' lazr.restfulclient==0.14.2 /usr/lib/python3/dist-packages
2022-05-26T17:19:13.966117+00:00 DEBUG 'ansible_navigator.main' lazr.uri==1.0.5 /usr/lib/python3/dist-packages
2022-05-26T17:19:13.966128+00:00 DEBUG 'ansible_navigator.main' lockfile==0.12.2 /home/dmcrae/.local/lib/python3.9/site-packages
2022-05-26T17:19:13.966140+00:00 DEBUG 'ansible_navigator.main' markupsafe==2.1.1 /home/dmcrae/.local/lib/python3.9/site-packages
2022-05-26T17:19:13.966152+00:00 DEBUG 'ansible_navigator.main' more-itertools==4.2.0 /usr/lib/python3/dist-packages
2022-05-26T17:19:13.966164+00:00 DEBUG 'ansible_navigator.main' netifaces==0.10.9 /usr/lib/python3/dist-packages
2022-05-26T17:19:13.966175+00:00 DEBUG 'ansible_navigator.main' oauthlib==3.1.0 /usr/lib/python3/dist-packages
2022-05-26T17:19:13.966187+00:00 DEBUG 'ansible_navigator.main' onigurumacffi==1.1.0 /home/dmcrae/.local/lib/python3.9/site-packages
2022-05-26T17:19:13.966198+00:00 DEBUG 'ansible_navigator.main' packaging==21.3 /home/dmcrae/.local/lib/python3.9/site-packages
2022-05-26T17:19:13.966209+00:00 DEBUG 'ansible_navigator.main' parsley==1.3 /home/dmcrae/.local/lib/python3.9/site-packages
2022-05-26T17:19:13.966220+00:00 DEBUG 'ansible_navigator.main' pbr==5.8.1 /home/dmcrae/.local/lib/python3.9/site-packages
2022-05-26T17:19:13.966232+00:00 DEBUG 'ansible_navigator.main' pexpect==4.8.0 /usr/lib/python3/dist-packages
2022-05-26T17:19:13.966243+00:00 DEBUG 'ansible_navigator.main' pip==20.3.4 /usr/lib/python3/dist-packages
2022-05-26T17:19:13.966254+00:00 DEBUG 'ansible_navigator.main' podman-compose==1.0.3 /home/dmcrae/.local/lib/python3.9/site-packages
2022-05-26T17:19:13.966265+00:00 DEBUG 'ansible_navigator.main' protobuf==3.12.4 /usr/lib/python3/dist-packages
2022-05-26T17:19:13.966276+00:00 DEBUG 'ansible_navigator.main' pyasn1-modules==0.2.1 /usr/lib/python3/dist-packages
2022-05-26T17:19:13.966287+00:00 DEBUG 'ansible_navigator.main' pyasn1==0.4.8 /usr/lib/python3/dist-packages
2022-05-26T17:19:13.966298+00:00 DEBUG 'ansible_navigator.main' pycparser==2.21 /home/dmcrae/.local/lib/python3.9/site-packages
2022-05-26T17:19:13.966310+00:00 DEBUG 'ansible_navigator.main' pygobject==3.40.1 /usr/lib/python3/dist-packages
2022-05-26T17:19:13.966321+00:00 DEBUG 'ansible_navigator.main' pyhamcrest==1.9.0 /usr/lib/python3/dist-packages
2022-05-26T17:19:13.966332+00:00 DEBUG 'ansible_navigator.main' pyjwt==1.7.1 /usr/lib/python3/dist-packages
2022-05-26T17:19:13.966343+00:00 DEBUG 'ansible_navigator.main' pyopenssl==20.0.1 /usr/lib/python3/dist-packages
2022-05-26T17:19:13.966355+00:00 DEBUG 'ansible_navigator.main' pyparsing==3.0.7 /home/dmcrae/.local/lib/python3.9/site-packages
2022-05-26T17:19:13.966366+00:00 DEBUG 'ansible_navigator.main' pyrsistent==0.15.5 /usr/lib/python3/dist-packages
2022-05-26T17:19:13.966377+00:00 DEBUG 'ansible_navigator.main' pyserial==3.5b0 /usr/lib/python3/dist-packages
2022-05-26T17:19:13.966389+00:00 DEBUG 'ansible_navigator.main' python-apt==2.2.1 /usr/lib/python3/dist-packages
2022-05-26T17:19:13.966400+00:00 DEBUG 'ansible_navigator.main' python-daemon==2.3.0 /home/dmcrae/.local/lib/python3.9/site-packages
2022-05-26T17:19:13.966411+00:00 DEBUG 'ansible_navigator.main' python-dateutil==2.8.2 /home/dmcrae/.local/lib/python3.9/site-packages
2022-05-26T17:19:13.966423+00:00 DEBUG 'ansible_navigator.main' python-debian==0.1.39ubuntu1 /usr/lib/python3/dist-packages
2022-05-26T17:19:13.966434+00:00 DEBUG 'ansible_navigator.main' python-dotenv==0.19.2 /home/dmcrae/.local/lib/python3.9/site-packages
2022-05-26T17:19:13.966445+00:00 DEBUG 'ansible_navigator.main' pyyaml==5.3.1 /usr/lib/python3/dist-packages
2022-05-26T17:19:13.966457+00:00 DEBUG 'ansible_navigator.main' requests==2.25.1 /usr/lib/python3/dist-packages
2022-05-26T17:19:13.966468+00:00 DEBUG 'ansible_navigator.main' requirements-parser==0.5.0 /home/dmcrae/.local/lib/python3.9/site-packages
2022-05-26T17:19:13.966479+00:00 DEBUG 'ansible_navigator.main' resolvelib==0.5.4 /home/dmcrae/.local/lib/python3.9/site-packages
2022-05-26T17:19:13.966490+00:00 DEBUG 'ansible_navigator.main' rsa==4.7.2 /home/dmcrae/.local/lib/python3.9/site-packages
2022-05-26T17:19:13.966501+00:00 DEBUG 'ansible_navigator.main' s3transfer==0.5.2 /home/dmcrae/.local/lib/python3.9/site-packages
2022-05-26T17:19:13.966513+00:00 DEBUG 'ansible_navigator.main' secretstorage==3.3.1 /usr/lib/python3/dist-packages
2022-05-26T17:19:13.966524+00:00 DEBUG 'ansible_navigator.main' service-identity==18.1.0 /usr/lib/python3/dist-packages
2022-05-26T17:19:13.966537+00:00 DEBUG 'ansible_navigator.main' setuptools==52.0.0 /usr/lib/python3/dist-packages
2022-05-26T17:19:13.966548+00:00 DEBUG 'ansible_navigator.main' simplejson==3.17.2 /usr/lib/python3/dist-packages
2022-05-26T17:19:13.966559+00:00 DEBUG 'ansible_navigator.main' six==1.16.0 /usr/lib/python3/dist-packages
2022-05-26T17:19:13.966570+00:00 DEBUG 'ansible_navigator.main' sos==4.3 /usr/lib/python3/dist-packages
2022-05-26T17:19:13.966582+00:00 DEBUG 'ansible_navigator.main' ssh-import-id==5.11 /usr/lib/python3/dist-packages
2022-05-26T17:19:13.966593+00:00 DEBUG 'ansible_navigator.main' systemd-python==234 /usr/lib/python3/dist-packages
2022-05-26T17:19:13.966604+00:00 DEBUG 'ansible_navigator.main' twisted==20.3.0 /usr/lib/python3/dist-packages
2022-05-26T17:19:13.966615+00:00 DEBUG 'ansible_navigator.main' types-setuptools==57.4.9 /home/dmcrae/.local/lib/python3.9/site-packages
2022-05-26T17:19:13.966626+00:00 DEBUG 'ansible_navigator.main' tzdata==2022.1 /home/dmcrae/.local/lib/python3.9/site-packages
2022-05-26T17:19:13.966638+00:00 DEBUG 'ansible_navigator.main' ubuntu-advantage-tools==27.8 /usr/lib/python3/dist-packages
2022-05-26T17:19:13.966649+00:00 DEBUG 'ansible_navigator.main' ufw==0.36.1 /usr/lib/python3/dist-packages
2022-05-26T17:19:13.966660+00:00 DEBUG 'ansible_navigator.main' unattended-upgrades==0.1 /usr/lib/python3/dist-packages
2022-05-26T17:19:13.966671+00:00 DEBUG 'ansible_navigator.main' urllib3==1.26.5 /usr/lib/python3/dist-packages
2022-05-26T17:19:13.966682+00:00 DEBUG 'ansible_navigator.main' wadllib==1.3.5 /usr/lib/python3/dist-packages
2022-05-26T17:19:13.966693+00:00 DEBUG 'ansible_navigator.main' wheel==0.34.2 /usr/lib/python3/dist-packages
2022-05-26T17:19:13.966703+00:00 DEBUG 'ansible_navigator.main' zipp==1.0.0 /usr/lib/python3/dist-packages
2022-05-26T17:19:13.966715+00:00 DEBUG 'ansible_navigator.main' zope.interface==5.2.0 /usr/lib/python3/dist-packages
2022-05-26T17:19:13.966726+00:00 DEBUG 'ansible_navigator.main' Share directory '/home/dmcrae/.local/lib/python3.9/share/ansible_navigator' not found (development path)
2022-05-26T17:19:13.966737+00:00 DEBUG 'ansible_navigator.main' Share directory '/home/dmcrae/.local/share/ansible_navigator' found (userbase)
2022-05-26T17:19:13.966750+00:00 DEBUG 'ansible_navigator.main' Default collection_doc_cache_path set to: /home/dmcrae/.cache/ansible-navigator/collection_doc_cache.db
2022-05-26T17:19:13.966764+00:00 DEBUG 'ansible_navigator.main' EDITOR environment variable not set
2022-05-26T17:19:13.966779+00:00 DEBUG 'ansible_navigator.main' Default editor_command set to: vi +{line_number} {filename}
2022-05-26T17:19:13.966790+00:00 DEBUG 'ansible_navigator.main' No config file set by ANSIBLE_NAVIGATOR_CONFIG
2022-05-26T17:19:13.966801+00:00 DEBUG 'ansible_navigator.main' Looking in /home/dmcrae
2022-05-26T17:19:13.966812+00:00 DEBUG 'ansible_navigator.main' Looking for '/home/dmcrae/.ansible-navigator.yml', '/home/dmcrae/.ansible-navigator.yaml' and '/home/dmcrae/.ansible-navigator.json'
2022-05-26T17:19:13.966824+00:00 DEBUG 'ansible_navigator.main' Found 0: 
2022-05-26T17:19:13.966835+00:00 DEBUG 'ansible_navigator.main' Looking in /home/dmcrae/grad_repo/AnsibleCollectionsEE
2022-05-26T17:19:13.966846+00:00 DEBUG 'ansible_navigator.main' Looking for '/home/dmcrae/grad_repo/AnsibleCollectionsEE/ansible-navigator.yml', '/home/dmcrae/grad_repo/AnsibleCollectionsEE/ansible-navigator.yaml' and '/home/dmcrae/grad_repo/AnsibleCollectionsEE/ansible-navigator.json'
2022-05-26T17:19:13.966859+00:00 DEBUG 'ansible_navigator.main' Found 0: 
2022-05-26T17:19:13.966871+00:00 DEBUG 'ansible_navigator.main' All found 0: 
2022-05-26T17:19:13.966883+00:00 DEBUG 'ansible_navigator.main' Using: None
2022-05-26T17:19:13.966895+00:00 DEBUG 'ansible_navigator.main' No valid settings file found, using all default values for settings.
2022-05-26T17:19:13.966906+00:00 DEBUG 'ansible_navigator.main' Command provided: 'doc'
2022-05-26T17:19:13.966917+00:00 DEBUG 'ansible_navigator.main' EE support enabled: using current working directory for 'ansible.cfg'
2022-05-26T17:19:13.966930+00:00 INFO 'ansible_navigator.main' EE support enabled: no 'ansible.cfg' found in current working directory. Tried /home/dmcrae/grad_repo/AnsibleCollectionsEE/ansible.cfg
2022-05-26T17:19:13.966941+00:00 DEBUG 'ansible_navigator.main' Completed post processing for ansible_runner_artifact_dir. (changed=False)
2022-05-26T17:19:13.966953+00:00 DEBUG 'ansible_navigator.main' Completed post processing for ansible_runner_rotate_artifacts_count. (changed=False)
2022-05-26T17:19:13.966964+00:00 DEBUG 'ansible_navigator.main' Completed post processing for ansible_runner_timeout. (changed=False)
2022-05-26T17:19:13.966975+00:00 DEBUG 'ansible_navigator.main' Completed post processing for cmdline. (changed=False)
2022-05-26T17:19:13.966986+00:00 DEBUG 'ansible_navigator.main' Completed post processing for collection_doc_cache_path. (changed=False)
2022-05-26T17:19:13.966997+00:00 DEBUG 'ansible_navigator.main' Completed post processing for container_engine. (changed=True)
2022-05-26T17:19:13.967009+00:00 DEBUG 'ansible_navigator.main'  before: 'auto'
2022-05-26T17:19:13.967020+00:00 DEBUG 'ansible_navigator.main'  after: 'podman'
2022-05-26T17:19:13.967031+00:00 DEBUG 'ansible_navigator.main' Completed post processing for container_options. (changed=False)
2022-05-26T17:19:13.967043+00:00 DEBUG 'ansible_navigator.main' Completed post processing for display_color. (changed=False)
2022-05-26T17:19:13.967054+00:00 DEBUG 'ansible_navigator.main' Completed post processing for execution_environment. (changed=False)
2022-05-26T17:19:13.967065+00:00 DEBUG 'ansible_navigator.main' Completed post processing for execution_environment_image. (changed=False)
2022-05-26T17:19:13.967077+00:00 DEBUG 'ansible_navigator.main' Completed post processing for help_builder. (changed=False)
2022-05-26T17:19:13.967088+00:00 DEBUG 'ansible_navigator.main' Completed post processing for help_config. (changed=False)
2022-05-26T17:19:13.967099+00:00 DEBUG 'ansible_navigator.main' Completed post processing for help_doc. (changed=False)
2022-05-26T17:19:13.967110+00:00 DEBUG 'ansible_navigator.main' Completed post processing for help_inventory. (changed=False)
2022-05-26T17:19:13.967121+00:00 DEBUG 'ansible_navigator.main' Completed post processing for help_playbook. (changed=False)
2022-05-26T17:19:13.967133+00:00 DEBUG 'ansible_navigator.main' Completed post processing for images_details. (changed=False)
2022-05-26T17:19:13.967144+00:00 DEBUG 'ansible_navigator.main' Completed post processing for inventory. (changed=False)
2022-05-26T17:19:13.967155+00:00 DEBUG 'ansible_navigator.main' Completed post processing for inventory_column. (changed=False)
2022-05-26T17:19:13.967166+00:00 DEBUG 'ansible_navigator.main' Completed post processing for log_file. (changed=False)
2022-05-26T17:19:13.967177+00:00 DEBUG 'ansible_navigator.main' Completed post processing for pass_environment_variable. (changed=False)
2022-05-26T17:19:13.967188+00:00 DEBUG 'ansible_navigator.main' Completed post processing for playbook. (changed=False)
2022-05-26T17:19:13.967199+00:00 DEBUG 'ansible_navigator.main' Completed post processing for playbook_artifact_replay. (changed=False)
2022-05-26T17:19:13.967210+00:00 DEBUG 'ansible_navigator.main' Completed post processing for playbook_artifact_save_as. (changed=False)
2022-05-26T17:19:13.967221+00:00 DEBUG 'ansible_navigator.main' Completed post processing for plugin_name. (changed=False)
2022-05-26T17:19:13.967232+00:00 DEBUG 'ansible_navigator.main' Completed post processing for pull_arguments. (changed=False)
2022-05-26T17:19:13.967244+00:00 DEBUG 'ansible_navigator.main' Completed post processing for set_environment_variable. (changed=False)
2022-05-26T17:19:13.967255+00:00 DEBUG 'ansible_navigator.main' Completed post processing for settings_effective. (changed=False)
2022-05-26T17:19:13.967266+00:00 DEBUG 'ansible_navigator.main' Completed post processing for settings_sample. (changed=False)
2022-05-26T17:19:13.967277+00:00 DEBUG 'ansible_navigator.main' Completed post processing for settings_schema. (changed=False)
2022-05-26T17:19:13.967291+00:00 DEBUG 'ansible_navigator.main' Completed post processing for settings_sources. (changed=False)
2022-05-26T17:19:13.967303+00:00 DEBUG 'ansible_navigator.main' Completed post processing for time_zone. (changed=False)
2022-05-26T17:19:13.967314+00:00 DEBUG 'ansible_navigator.main' Completed post processing for execution_environment_volume_mounts. (changed=False)
2022-05-26T17:19:13.967325+00:00 DEBUG 'ansible_navigator.main' Completed post processing for mode. (changed=False)
2022-05-26T17:19:13.967337+00:00 WARNING 'ansible_navigator.main' Configuration errors encountered, rolling back to previous configuration.
2022-05-26T17:19:13.967350+00:00 DEBUG 'ansible_navigator.main' Prior to rollback: ansible_runner_artifact_dir = 'Not set' (Constants/Not set)
2022-05-26T17:19:13.967362+00:00 DEBUG 'ansible_navigator.main' Prior to rollback: ansible_runner_rotate_artifacts_count = 'Not set' (Constants/Not set)
2022-05-26T17:19:13.967375+00:00 DEBUG 'ansible_navigator.main' Prior to rollback: ansible_runner_timeout = 'Not set' (Constants/Not set)
2022-05-26T17:19:13.967387+00:00 DEBUG 'ansible_navigator.main' Prior to rollback: app = 'doc' (str/Command line)
2022-05-26T17:19:13.967398+00:00 DEBUG 'ansible_navigator.main' Prior to rollback: cmdline = 'Not set' (Constants/Not set)
2022-05-26T17:19:13.967409+00:00 DEBUG 'ansible_navigator.main' Prior to rollback: collection_doc_cache_path = '/home/dmcrae/.cache/ansible-navigator/collection_doc_cache.db' (str/Defaults)
2022-05-26T17:19:13.967420+00:00 DEBUG 'ansible_navigator.main' Prior to rollback: config = 'Not set' (Constants/Not set)
2022-05-26T17:19:13.967432+00:00 DEBUG 'ansible_navigator.main' Prior to rollback: container_engine = 'podman' (str/Automatically determined)
2022-05-26T17:19:13.967443+00:00 DEBUG 'ansible_navigator.main' Prior to rollback: container_options = 'Not set' (Constants/Not set)
2022-05-26T17:19:13.967454+00:00 DEBUG 'ansible_navigator.main' Prior to rollback: display_color = 'True' (bool/Defaults)
2022-05-26T17:19:13.967465+00:00 DEBUG 'ansible_navigator.main' Prior to rollback: editor_command = 'vi +{line_number} {filename}' (str/Defaults)
2022-05-26T17:19:13.967475+00:00 DEBUG 'ansible_navigator.main' Prior to rollback: editor_console = 'True' (bool/Defaults)
2022-05-26T17:19:13.967486+00:00 DEBUG 'ansible_navigator.main' Prior to rollback: exec_command = '/bin/bash' (str/Defaults)
2022-05-26T17:19:13.967498+00:00 DEBUG 'ansible_navigator.main' Prior to rollback: exec_shell = 'True' (bool/Defaults)
2022-05-26T17:19:13.967508+00:00 DEBUG 'ansible_navigator.main' Prior to rollback: execution_environment = 'True' (bool/Defaults)
2022-05-26T17:19:13.967519+00:00 DEBUG 'ansible_navigator.main' Prior to rollback: execution_environment_image = 'quay.io/ansible/creator-ee:v0.4.2' (str/Defaults)
2022-05-26T17:19:13.967530+00:00 DEBUG 'ansible_navigator.main' Prior to rollback: execution_environment_volume_mounts = 'Not set' (Constants/Not set)
2022-05-26T17:19:13.967541+00:00 DEBUG 'ansible_navigator.main' Prior to rollback: help_builder = 'False' (bool/Defaults)
2022-05-26T17:19:13.967552+00:00 DEBUG 'ansible_navigator.main' Prior to rollback: help_config = 'False' (bool/Defaults)
2022-05-26T17:19:13.967563+00:00 DEBUG 'ansible_navigator.main' Prior to rollback: help_doc = 'False' (bool/Defaults)
2022-05-26T17:19:13.967574+00:00 DEBUG 'ansible_navigator.main' Prior to rollback: help_inventory = 'False' (bool/Defaults)
2022-05-26T17:19:13.967585+00:00 DEBUG 'ansible_navigator.main' Prior to rollback: help_playbook = 'False' (bool/Defaults)
2022-05-26T17:19:13.967596+00:00 DEBUG 'ansible_navigator.main' Prior to rollback: images_details = '['everything']' (list/Defaults)
2022-05-26T17:19:13.967607+00:00 DEBUG 'ansible_navigator.main' Prior to rollback: inventory = 'Not set' (Constants/Not set)
2022-05-26T17:19:13.967618+00:00 DEBUG 'ansible_navigator.main' Prior to rollback: inventory_column = 'Not set' (Constants/Not set)
2022-05-26T17:19:13.967630+00:00 DEBUG 'ansible_navigator.main' Prior to rollback: lint_config = 'Not set' (Constants/Not set)
2022-05-26T17:19:13.967642+00:00 DEBUG 'ansible_navigator.main' Prior to rollback: lintables = 'Not set' (Constants/Not set)
2022-05-26T17:19:13.967653+00:00 DEBUG 'ansible_navigator.main' Prior to rollback: log_append = 'True' (bool/Defaults)
2022-05-26T17:19:13.967664+00:00 DEBUG 'ansible_navigator.main' Prior to rollback: log_file = '/home/dmcrae/grad_repo/AnsibleCollectionsEE/ansible-navigator.log' (str/Defaults)
2022-05-26T17:19:13.967675+00:00 DEBUG 'ansible_navigator.main' Prior to rollback: log_level = 'warning' (str/Defaults)
2022-05-26T17:19:13.967686+00:00 DEBUG 'ansible_navigator.main' Prior to rollback: mode = 'interactive' (str/Defaults)
2022-05-26T17:19:13.967697+00:00 DEBUG 'ansible_navigator.main' Prior to rollback: osc4 = 'True' (bool/Defaults)
2022-05-26T17:19:13.967708+00:00 DEBUG 'ansible_navigator.main' Prior to rollback: pass_environment_variable = 'Not set' (Constants/Not set)
2022-05-26T17:19:13.967720+00:00 DEBUG 'ansible_navigator.main' Prior to rollback: playbook = 'Not set' (Constants/Not set)
2022-05-26T17:19:13.967731+00:00 DEBUG 'ansible_navigator.main' Prior to rollback: playbook_artifact_enable = 'True' (bool/Defaults)
2022-05-26T17:19:13.967742+00:00 DEBUG 'ansible_navigator.main' Prior to rollback: playbook_artifact_replay = 'Not set' (Constants/Not set)
2022-05-26T17:19:13.967753+00:00 DEBUG 'ansible_navigator.main' Prior to rollback: playbook_artifact_save_as = '{playbook_dir}/{playbook_name}-artifact-{time_stamp}.json' (str/Defaults)
2022-05-26T17:19:13.967764+00:00 DEBUG 'ansible_navigator.main' Prior to rollback: plugin_name = 'Not set' (Constants/Not set)
2022-05-26T17:19:13.967775+00:00 DEBUG 'ansible_navigator.main' Prior to rollback: plugin_type = 'module' (str/Defaults)
2022-05-26T17:19:13.967786+00:00 DEBUG 'ansible_navigator.main' Prior to rollback: pull_arguments = 'Not set' (Constants/Not set)
2022-05-26T17:19:13.967797+00:00 DEBUG 'ansible_navigator.main' Prior to rollback: pull_policy = 'tag' (str/Defaults)
2022-05-26T17:19:13.967808+00:00 DEBUG 'ansible_navigator.main' Prior to rollback: set_environment_variable = 'Not set' (Constants/Not set)
2022-05-26T17:19:13.967819+00:00 DEBUG 'ansible_navigator.main' Prior to rollback: settings_effective = 'False' (bool/Defaults)
2022-05-26T17:19:13.967830+00:00 DEBUG 'ansible_navigator.main' Prior to rollback: settings_sample = 'False' (bool/Defaults)
2022-05-26T17:19:13.967842+00:00 DEBUG 'ansible_navigator.main' Prior to rollback: settings_schema = 'json' (str/Defaults)
2022-05-26T17:19:13.967853+00:00 DEBUG 'ansible_navigator.main' Prior to rollback: settings_sources = 'False' (bool/Defaults)
2022-05-26T17:19:13.967864+00:00 DEBUG 'ansible_navigator.main' Prior to rollback: time_zone = 'UTC' (str/Defaults)
2022-05-26T17:19:13.967875+00:00 DEBUG 'ansible_navigator.main' Prior to rollback: workdir = '/home/dmcrae/grad_repo/AnsibleCollectionsEE' (str/Defaults)
2022-05-26T17:19:13.967887+00:00 DEBUG 'ansible_navigator.main' After rollback: ansible_runner_artifact_dir = 'Not set' (Constants/Not set)
2022-05-26T17:19:13.967899+00:00 DEBUG 'ansible_navigator.main' After rollback: ansible_runner_rotate_artifacts_count = 'Not set' (Constants/Not set)
2022-05-26T17:19:13.967910+00:00 DEBUG 'ansible_navigator.main' After rollback: ansible_runner_timeout = 'Not set' (Constants/Not set)
2022-05-26T17:19:13.967921+00:00 DEBUG 'ansible_navigator.main' After rollback: app = 'Not set' (Constants/Not set)
2022-05-26T17:19:13.967933+00:00 DEBUG 'ansible_navigator.main' After rollback: cmdline = 'Not set' (Constants/Not set)
2022-05-26T17:19:13.967944+00:00 DEBUG 'ansible_navigator.main' After rollback: collection_doc_cache_path = 'Not set' (Constants/Not set)
2022-05-26T17:19:13.967955+00:00 DEBUG 'ansible_navigator.main' After rollback: config = 'Not set' (Constants/Not set)
2022-05-26T17:19:13.967966+00:00 DEBUG 'ansible_navigator.main' After rollback: container_engine = 'Not set' (Constants/Not set)
2022-05-26T17:19:13.967977+00:00 DEBUG 'ansible_navigator.main' After rollback: container_options = 'Not set' (Constants/Not set)
2022-05-26T17:19:13.967990+00:00 DEBUG 'ansible_navigator.main' After rollback: display_color = 'Not set' (Constants/Not set)
2022-05-26T17:19:13.968001+00:00 DEBUG 'ansible_navigator.main' After rollback: editor_command = 'Not set' (Constants/Not set)
2022-05-26T17:19:13.968013+00:00 DEBUG 'ansible_navigator.main' After rollback: editor_console = 'Not set' (Constants/Not set)
2022-05-26T17:19:13.968024+00:00 DEBUG 'ansible_navigator.main' After rollback: exec_command = 'Not set' (Constants/Not set)
2022-05-26T17:19:13.968035+00:00 DEBUG 'ansible_navigator.main' After rollback: exec_shell = 'Not set' (Constants/Not set)
2022-05-26T17:19:13.968046+00:00 DEBUG 'ansible_navigator.main' After rollback: execution_environment = 'Not set' (Constants/Not set)
2022-05-26T17:19:13.968057+00:00 DEBUG 'ansible_navigator.main' After rollback: execution_environment_image = 'Not set' (Constants/Not set)
2022-05-26T17:19:13.968069+00:00 DEBUG 'ansible_navigator.main' After rollback: execution_environment_volume_mounts = 'Not set' (Constants/Not set)
2022-05-26T17:19:13.968080+00:00 DEBUG 'ansible_navigator.main' After rollback: help_builder = 'Not set' (Constants/Not set)
2022-05-26T17:19:13.968091+00:00 DEBUG 'ansible_navigator.main' After rollback: help_config = 'Not set' (Constants/Not set)
2022-05-26T17:19:13.968102+00:00 DEBUG 'ansible_navigator.main' After rollback: help_doc = 'Not set' (Constants/Not set)
2022-05-26T17:19:13.968113+00:00 DEBUG 'ansible_navigator.main' After rollback: help_inventory = 'Not set' (Constants/Not set)
2022-05-26T17:19:13.968124+00:00 DEBUG 'ansible_navigator.main' After rollback: help_playbook = 'Not set' (Constants/Not set)
2022-05-26T17:19:13.968135+00:00 DEBUG 'ansible_navigator.main' After rollback: images_details = 'Not set' (Constants/Not set)
2022-05-26T17:19:13.968146+00:00 DEBUG 'ansible_navigator.main' After rollback: inventory = 'Not set' (Constants/Not set)
2022-05-26T17:19:13.968158+00:00 DEBUG 'ansible_navigator.main' After rollback: inventory_column = 'Not set' (Constants/Not set)
2022-05-26T17:19:13.968169+00:00 DEBUG 'ansible_navigator.main' After rollback: lint_config = 'Not set' (Constants/Not set)
2022-05-26T17:19:13.968180+00:00 DEBUG 'ansible_navigator.main' After rollback: lintables = 'Not set' (Constants/Not set)
2022-05-26T17:19:13.968191+00:00 DEBUG 'ansible_navigator.main' After rollback: log_append = 'Not set' (Constants/Not set)
2022-05-26T17:19:13.968202+00:00 DEBUG 'ansible_navigator.main' After rollback: log_file = 'Not set' (Constants/Not set)
2022-05-26T17:19:13.968213+00:00 DEBUG 'ansible_navigator.main' After rollback: log_level = 'Not set' (Constants/Not set)
2022-05-26T17:19:13.968224+00:00 DEBUG 'ansible_navigator.main' After rollback: mode = 'Not set' (Constants/Not set)
2022-05-26T17:19:13.968235+00:00 DEBUG 'ansible_navigator.main' After rollback: osc4 = 'Not set' (Constants/Not set)
2022-05-26T17:19:13.968246+00:00 DEBUG 'ansible_navigator.main' After rollback: pass_environment_variable = 'Not set' (Constants/Not set)
2022-05-26T17:19:13.968282+00:00 DEBUG 'ansible_navigator.main' After rollback: playbook = 'Not set' (Constants/Not set)
2022-05-26T17:19:13.968301+00:00 DEBUG 'ansible_navigator.main' After rollback: playbook_artifact_enable = 'Not set' (Constants/Not set)
2022-05-26T17:19:13.968315+00:00 DEBUG 'ansible_navigator.main' After rollback: playbook_artifact_replay = 'Not set' (Constants/Not set)
2022-05-26T17:19:13.968328+00:00 DEBUG 'ansible_navigator.main' After rollback: playbook_artifact_save_as = 'Not set' (Constants/Not set)
2022-05-26T17:19:13.968340+00:00 DEBUG 'ansible_navigator.main' After rollback: plugin_name = 'Not set' (Constants/Not set)
2022-05-26T17:19:13.968353+00:00 DEBUG 'ansible_navigator.main' After rollback: plugin_type = 'Not set' (Constants/Not set)
2022-05-26T17:19:13.968365+00:00 DEBUG 'ansible_navigator.main' After rollback: pull_arguments = 'Not set' (Constants/Not set)
2022-05-26T17:19:13.968377+00:00 DEBUG 'ansible_navigator.main' After rollback: pull_policy = 'Not set' (Constants/Not set)
2022-05-26T17:19:13.968391+00:00 DEBUG 'ansible_navigator.main' After rollback: set_environment_variable = 'Not set' (Constants/Not set)
2022-05-26T17:19:13.968403+00:00 DEBUG 'ansible_navigator.main' After rollback: settings_effective = 'Not set' (Constants/Not set)
2022-05-26T17:19:13.968415+00:00 DEBUG 'ansible_navigator.main' After rollback: settings_sample = 'Not set' (Constants/Not set)
2022-05-26T17:19:13.968427+00:00 DEBUG 'ansible_navigator.main' After rollback: settings_schema = 'Not set' (Constants/Not set)
2022-05-26T17:19:13.968439+00:00 DEBUG 'ansible_navigator.main' After rollback: settings_sources = 'Not set' (Constants/Not set)
2022-05-26T17:19:13.968451+00:00 DEBUG 'ansible_navigator.main' After rollback: time_zone = 'Not set' (Constants/Not set)
2022-05-26T17:19:13.968463+00:00 DEBUG 'ansible_navigator.main' After rollback: workdir = 'Not set' (Constants/Not set)
2022-05-26T17:19:13.968475+00:00 DEBUG 'ansible_navigator.main' Configuration rollback complete.
2022-05-26T17:19:13.968488+00:00 DEBUG 'ansible_navigator.main' Collection doc cache not mounted
2022-05-26T17:19:13.968508+00:00 WARNING 'ansible_navigator.main' Issues were found while applying the settings.
2022-05-26T17:19:13.968522+00:00 INFO 'ansible_navigator.main' Command provided: 'doc'
2022-05-26T17:19:13.968538+00:00 ERROR 'ansible_navigator.main' Execution environment support while using podman requires a '/dev/mqueue/' directory.
2022-05-26T17:19:13.968552+00:00 INFO 'ansible_navigator.main' Try creating it with 'mkdir /dev/mqueue/' or reference the documentation for your operating system related to POSIX message queues.
2022-05-26T17:19:13.968566+00:00 ERROR 'ansible_navigator.main' A plugin name or other parameter is required when using the doc subcommand
2022-05-26T17:19:13.968581+00:00 INFO 'ansible_navigator.main' Try again with 'doc <plugin_name>'
2022-05-26T17:19:13.968595+00:00 INFO 'ansible_navigator.main' Configuration failed, using default log file location. (/home/dmcrae/grad_repo/AnsibleCollectionsEE/ansible-navigator.log) Log level set to debug
2022-05-26T17:19:13.968608+00:00 INFO 'ansible_navigator.main' Review the hints and log file to see what went wrong.
2022-05-26T17:20:48.216633+00:00 INFO 'ansible_navigator.setup_logger' New ansible-navigator instance, logging initialized
2022-05-26T17:20:48.216845+00:00 INFO 'ansible_navigator.setup_logger' New ansible-runner instance, logging initialized
2022-05-26T17:20:48.216870+00:00 DEBUG 'ansible_navigator.main' ansible-builder==1.1.0 /home/dmcrae/.local/lib/python3.9/site-packages
2022-05-26T17:20:48.216886+00:00 DEBUG 'ansible_navigator.main' ansible-core==2.13.0 /home/dmcrae/.local/lib/python3.9/site-packages
2022-05-26T17:20:48.216900+00:00 DEBUG 'ansible_navigator.main' ansible-navigator==2.1.0 /home/dmcrae/.local/lib/python3.9/site-packages
2022-05-26T17:20:48.216914+00:00 DEBUG 'ansible_navigator.main' ansible-runner==2.2.0 /home/dmcrae/.local/lib/python3.9/site-packages
2022-05-26T17:20:48.216929+00:00 DEBUG 'ansible_navigator.main' ansible==5.8.0 /home/dmcrae/.local/lib/python3.9/site-packages
2022-05-26T17:20:48.216942+00:00 DEBUG 'ansible_navigator.main' attrs==20.3.0 /usr/lib/python3/dist-packages
2022-05-26T17:20:48.216956+00:00 DEBUG 'ansible_navigator.main' automat==20.2.0 /usr/lib/python3/dist-packages
2022-05-26T17:20:48.216968+00:00 DEBUG 'ansible_navigator.main' bcrypt==3.1.7 /usr/lib/python3/dist-packages
2022-05-26T17:20:48.216980+00:00 DEBUG 'ansible_navigator.main' bindep==2.10.2 /home/dmcrae/.local/lib/python3.9/site-packages
2022-05-26T17:20:48.216991+00:00 DEBUG 'ansible_navigator.main' blinker==1.4 /usr/lib/python3/dist-packages
2022-05-26T17:20:48.217002+00:00 DEBUG 'ansible_navigator.main' boto3==1.21.46 /home/dmcrae/.local/lib/python3.9/site-packages
2022-05-26T17:20:48.217013+00:00 DEBUG 'ansible_navigator.main' boto==2.49.0 /home/dmcrae/.local/lib/python3.9/site-packages
2022-05-26T17:20:48.217024+00:00 DEBUG 'ansible_navigator.main' botocore==1.24.46 /home/dmcrae/.local/lib/python3.9/site-packages
2022-05-26T17:20:48.217036+00:00 DEBUG 'ansible_navigator.main' certifi==2020.6.20 /usr/lib/python3/dist-packages
2022-05-26T17:20:48.217068+00:00 DEBUG 'ansible_navigator.main' cffi==1.15.0 /home/dmcrae/.local/lib/python3.9/site-packages
2022-05-26T17:20:48.217084+00:00 DEBUG 'ansible_navigator.main' chardet==4.0.0 /usr/lib/python3/dist-packages
2022-05-26T17:20:48.217095+00:00 DEBUG 'ansible_navigator.main' click==7.1.2 /usr/lib/python3/dist-packages
2022-05-26T17:20:48.217105+00:00 DEBUG 'ansible_navigator.main' cloud-init==22.1 /usr/lib/python3/dist-packages
2022-05-26T17:20:48.217116+00:00 DEBUG 'ansible_navigator.main' colorama==0.4.3 /home/dmcrae/.local/lib/python3.9/site-packages
2022-05-26T17:20:48.217127+00:00 DEBUG 'ansible_navigator.main' command-not-found==0.3 /usr/lib/python3/dist-packages
2022-05-26T17:20:48.217137+00:00 DEBUG 'ansible_navigator.main' configobj==5.0.6 /usr/lib/python3/dist-packages
2022-05-26T17:20:48.217148+00:00 DEBUG 'ansible_navigator.main' constantly==15.1.0 /usr/lib/python3/dist-packages
2022-05-26T17:20:48.217159+00:00 DEBUG 'ansible_navigator.main' crit==0.0.1 /usr/lib/python3/dist-packages
2022-05-26T17:20:48.217169+00:00 DEBUG 'ansible_navigator.main' cryptography==3.3.2 /usr/lib/python3/dist-packages
2022-05-26T17:20:48.217180+00:00 DEBUG 'ansible_navigator.main' dbus-python==1.2.16 /usr/lib/python3/dist-packages
2022-05-26T17:20:48.217191+00:00 DEBUG 'ansible_navigator.main' distro-info==1.0 /usr/lib/python3/dist-packages
2022-05-26T17:20:48.217201+00:00 DEBUG 'ansible_navigator.main' distro==1.5.0 /usr/lib/python3/dist-packages
2022-05-26T17:20:48.217212+00:00 DEBUG 'ansible_navigator.main' docutils==0.15.2 /home/dmcrae/.local/lib/python3.9/site-packages
2022-05-26T17:20:48.217223+00:00 DEBUG 'ansible_navigator.main' httplib2==0.18.1 /usr/lib/python3/dist-packages
2022-05-26T17:20:48.217233+00:00 DEBUG 'ansible_navigator.main' hyperlink==19.0.0 /usr/lib/python3/dist-packages
2022-05-26T17:20:48.217244+00:00 DEBUG 'ansible_navigator.main' idna==2.10 /usr/lib/python3/dist-packages
2022-05-26T17:20:48.217255+00:00 DEBUG 'ansible_navigator.main' importlib-metadata==4.0.1 /usr/lib/python3/dist-packages
2022-05-26T17:20:48.217265+00:00 DEBUG 'ansible_navigator.main' incremental==17.5.0 /usr/lib/python3/dist-packages
2022-05-26T17:20:48.217275+00:00 DEBUG 'ansible_navigator.main' jeepney==0.7.1 /usr/lib/python3/dist-packages
2022-05-26T17:20:48.217286+00:00 DEBUG 'ansible_navigator.main' jinja2==3.1.2 /home/dmcrae/.local/lib/python3.9/site-packages
2022-05-26T17:20:48.217296+00:00 DEBUG 'ansible_navigator.main' jmespath==1.0.0 /home/dmcrae/.local/lib/python3.9/site-packages
2022-05-26T17:20:48.217307+00:00 DEBUG 'ansible_navigator.main' jsonpatch==1.25 /usr/lib/python3/dist-packages
2022-05-26T17:20:48.217317+00:00 DEBUG 'ansible_navigator.main' jsonpointer==2.0 /usr/lib/python3/dist-packages
2022-05-26T17:20:48.217327+00:00 DEBUG 'ansible_navigator.main' jsonschema==3.2.0 /usr/lib/python3/dist-packages
2022-05-26T17:20:48.217338+00:00 DEBUG 'ansible_navigator.main' keyring==23.0.1 /usr/lib/python3/dist-packages
2022-05-26T17:20:48.217348+00:00 DEBUG 'ansible_navigator.main' launchpadlib==1.10.13 /usr/lib/python3/dist-packages
2022-05-26T17:20:48.217358+00:00 DEBUG 'ansible_navigator.main' lazr.restfulclient==0.14.2 /usr/lib/python3/dist-packages
2022-05-26T17:20:48.217369+00:00 DEBUG 'ansible_navigator.main' lazr.uri==1.0.5 /usr/lib/python3/dist-packages
2022-05-26T17:20:48.217379+00:00 DEBUG 'ansible_navigator.main' lockfile==0.12.2 /home/dmcrae/.local/lib/python3.9/site-packages
2022-05-26T17:20:48.217389+00:00 DEBUG 'ansible_navigator.main' markupsafe==2.1.1 /home/dmcrae/.local/lib/python3.9/site-packages
2022-05-26T17:20:48.217400+00:00 DEBUG 'ansible_navigator.main' more-itertools==4.2.0 /usr/lib/python3/dist-packages
2022-05-26T17:20:48.217410+00:00 DEBUG 'ansible_navigator.main' netifaces==0.10.9 /usr/lib/python3/dist-packages
2022-05-26T17:20:48.217420+00:00 DEBUG 'ansible_navigator.main' oauthlib==3.1.0 /usr/lib/python3/dist-packages
2022-05-26T17:20:48.217431+00:00 DEBUG 'ansible_navigator.main' onigurumacffi==1.1.0 /home/dmcrae/.local/lib/python3.9/site-packages
2022-05-26T17:20:48.217443+00:00 DEBUG 'ansible_navigator.main' packaging==21.3 /home/dmcrae/.local/lib/python3.9/site-packages
2022-05-26T17:20:48.217453+00:00 DEBUG 'ansible_navigator.main' parsley==1.3 /home/dmcrae/.local/lib/python3.9/site-packages
2022-05-26T17:20:48.217463+00:00 DEBUG 'ansible_navigator.main' pbr==5.8.1 /home/dmcrae/.local/lib/python3.9/site-packages
2022-05-26T17:20:48.217490+00:00 DEBUG 'ansible_navigator.main' pexpect==4.8.0 /usr/lib/python3/dist-packages
2022-05-26T17:20:48.217501+00:00 DEBUG 'ansible_navigator.main' pip==20.3.4 /usr/lib/python3/dist-packages
2022-05-26T17:20:48.217513+00:00 DEBUG 'ansible_navigator.main' podman-compose==1.0.3 /home/dmcrae/.local/lib/python3.9/site-packages
2022-05-26T17:20:48.217523+00:00 DEBUG 'ansible_navigator.main' protobuf==3.12.4 /usr/lib/python3/dist-packages
2022-05-26T17:20:48.217533+00:00 DEBUG 'ansible_navigator.main' pyasn1-modules==0.2.1 /usr/lib/python3/dist-packages
2022-05-26T17:20:48.217543+00:00 DEBUG 'ansible_navigator.main' pyasn1==0.4.8 /usr/lib/python3/dist-packages
2022-05-26T17:20:48.217553+00:00 DEBUG 'ansible_navigator.main' pycparser==2.21 /home/dmcrae/.local/lib/python3.9/site-packages
2022-05-26T17:20:48.217563+00:00 DEBUG 'ansible_navigator.main' pygobject==3.40.1 /usr/lib/python3/dist-packages
2022-05-26T17:20:48.217573+00:00 DEBUG 'ansible_navigator.main' pyhamcrest==1.9.0 /usr/lib/python3/dist-packages
2022-05-26T17:20:48.217583+00:00 DEBUG 'ansible_navigator.main' pyjwt==1.7.1 /usr/lib/python3/dist-packages
2022-05-26T17:20:48.217593+00:00 DEBUG 'ansible_navigator.main' pyopenssl==20.0.1 /usr/lib/python3/dist-packages
2022-05-26T17:20:48.217603+00:00 DEBUG 'ansible_navigator.main' pyparsing==3.0.7 /home/dmcrae/.local/lib/python3.9/site-packages
2022-05-26T17:20:48.217619+00:00 DEBUG 'ansible_navigator.main' pyrsistent==0.15.5 /usr/lib/python3/dist-packages
2022-05-26T17:20:48.217629+00:00 DEBUG 'ansible_navigator.main' pyserial==3.5b0 /usr/lib/python3/dist-packages
2022-05-26T17:20:48.217639+00:00 DEBUG 'ansible_navigator.main' python-apt==2.2.1 /usr/lib/python3/dist-packages
2022-05-26T17:20:48.217648+00:00 DEBUG 'ansible_navigator.main' python-daemon==2.3.0 /home/dmcrae/.local/lib/python3.9/site-packages
2022-05-26T17:20:48.217658+00:00 DEBUG 'ansible_navigator.main' python-dateutil==2.8.2 /home/dmcrae/.local/lib/python3.9/site-packages
2022-05-26T17:20:48.217668+00:00 DEBUG 'ansible_navigator.main' python-debian==0.1.39ubuntu1 /usr/lib/python3/dist-packages
2022-05-26T17:20:48.217677+00:00 DEBUG 'ansible_navigator.main' python-dotenv==0.19.2 /home/dmcrae/.local/lib/python3.9/site-packages
2022-05-26T17:20:48.217687+00:00 DEBUG 'ansible_navigator.main' pyyaml==5.3.1 /usr/lib/python3/dist-packages
2022-05-26T17:20:48.217696+00:00 DEBUG 'ansible_navigator.main' requests==2.25.1 /usr/lib/python3/dist-packages
2022-05-26T17:20:48.217706+00:00 DEBUG 'ansible_navigator.main' requirements-parser==0.5.0 /home/dmcrae/.local/lib/python3.9/site-packages
2022-05-26T17:20:48.217716+00:00 DEBUG 'ansible_navigator.main' resolvelib==0.5.4 /home/dmcrae/.local/lib/python3.9/site-packages
2022-05-26T17:20:48.217726+00:00 DEBUG 'ansible_navigator.main' rsa==4.7.2 /home/dmcrae/.local/lib/python3.9/site-packages
2022-05-26T17:20:48.217736+00:00 DEBUG 'ansible_navigator.main' s3transfer==0.5.2 /home/dmcrae/.local/lib/python3.9/site-packages
2022-05-26T17:20:48.217745+00:00 DEBUG 'ansible_navigator.main' secretstorage==3.3.1 /usr/lib/python3/dist-packages
2022-05-26T17:20:48.217755+00:00 DEBUG 'ansible_navigator.main' service-identity==18.1.0 /usr/lib/python3/dist-packages
2022-05-26T17:20:48.217777+00:00 DEBUG 'ansible_navigator.main' setuptools==52.0.0 /usr/lib/python3/dist-packages
2022-05-26T17:20:48.217788+00:00 DEBUG 'ansible_navigator.main' simplejson==3.17.2 /usr/lib/python3/dist-packages
2022-05-26T17:20:48.217799+00:00 DEBUG 'ansible_navigator.main' six==1.16.0 /usr/lib/python3/dist-packages
2022-05-26T17:20:48.217811+00:00 DEBUG 'ansible_navigator.main' sos==4.3 /usr/lib/python3/dist-packages
2022-05-26T17:20:48.217822+00:00 DEBUG 'ansible_navigator.main' ssh-import-id==5.11 /usr/lib/python3/dist-packages
2022-05-26T17:20:48.217831+00:00 DEBUG 'ansible_navigator.main' systemd-python==234 /usr/lib/python3/dist-packages
2022-05-26T17:20:48.217841+00:00 DEBUG 'ansible_navigator.main' twisted==20.3.0 /usr/lib/python3/dist-packages
2022-05-26T17:20:48.217850+00:00 DEBUG 'ansible_navigator.main' types-setuptools==57.4.9 /home/dmcrae/.local/lib/python3.9/site-packages
2022-05-26T17:20:48.217860+00:00 DEBUG 'ansible_navigator.main' tzdata==2022.1 /home/dmcrae/.local/lib/python3.9/site-packages
2022-05-26T17:20:48.217870+00:00 DEBUG 'ansible_navigator.main' ubuntu-advantage-tools==27.8 /usr/lib/python3/dist-packages
2022-05-26T17:20:48.217879+00:00 DEBUG 'ansible_navigator.main' ufw==0.36.1 /usr/lib/python3/dist-packages
2022-05-26T17:20:48.217891+00:00 DEBUG 'ansible_navigator.main' unattended-upgrades==0.1 /usr/lib/python3/dist-packages
2022-05-26T17:20:48.217902+00:00 DEBUG 'ansible_navigator.main' urllib3==1.26.5 /usr/lib/python3/dist-packages
2022-05-26T17:20:48.217912+00:00 DEBUG 'ansible_navigator.main' wadllib==1.3.5 /usr/lib/python3/dist-packages
2022-05-26T17:20:48.217923+00:00 DEBUG 'ansible_navigator.main' wheel==0.34.2 /usr/lib/python3/dist-packages
2022-05-26T17:20:48.217934+00:00 DEBUG 'ansible_navigator.main' zipp==1.0.0 /usr/lib/python3/dist-packages
2022-05-26T17:20:48.217944+00:00 DEBUG 'ansible_navigator.main' zope.interface==5.2.0 /usr/lib/python3/dist-packages
2022-05-26T17:20:48.217953+00:00 DEBUG 'ansible_navigator.main' Share directory '/home/dmcrae/.local/lib/python3.9/share/ansible_navigator' not found (development path)
2022-05-26T17:20:48.217963+00:00 DEBUG 'ansible_navigator.main' Share directory '/home/dmcrae/.local/share/ansible_navigator' found (userbase)
2022-05-26T17:20:48.217973+00:00 DEBUG 'ansible_navigator.main' Default collection_doc_cache_path set to: /home/dmcrae/.cache/ansible-navigator/collection_doc_cache.db
2022-05-26T17:20:48.217983+00:00 DEBUG 'ansible_navigator.main' EDITOR environment variable not set
2022-05-26T17:20:48.217993+00:00 DEBUG 'ansible_navigator.main' Default editor_command set to: vi +{line_number} {filename}
2022-05-26T17:20:48.218003+00:00 DEBUG 'ansible_navigator.main' No config file set by ANSIBLE_NAVIGATOR_CONFIG
2022-05-26T17:20:48.218015+00:00 DEBUG 'ansible_navigator.main' Looking in /home/dmcrae
2022-05-26T17:20:48.218030+00:00 DEBUG 'ansible_navigator.main' Looking for '/home/dmcrae/.ansible-navigator.yml', '/home/dmcrae/.ansible-navigator.yaml' and '/home/dmcrae/.ansible-navigator.json'
2022-05-26T17:20:48.218041+00:00 DEBUG 'ansible_navigator.main' Found 0: 
2022-05-26T17:20:48.218053+00:00 DEBUG 'ansible_navigator.main' Looking in /home/dmcrae/grad_repo/AnsibleCollectionsEE
2022-05-26T17:20:48.218064+00:00 DEBUG 'ansible_navigator.main' Looking for '/home/dmcrae/grad_repo/AnsibleCollectionsEE/ansible-navigator.yml', '/home/dmcrae/grad_repo/AnsibleCollectionsEE/ansible-navigator.yaml' and '/home/dmcrae/grad_repo/AnsibleCollectionsEE/ansible-navigator.json'
2022-05-26T17:20:48.218075+00:00 DEBUG 'ansible_navigator.main' Found 0: 
2022-05-26T17:20:48.218085+00:00 DEBUG 'ansible_navigator.main' All found 0: 
2022-05-26T17:20:48.218096+00:00 DEBUG 'ansible_navigator.main' Using: None
2022-05-26T17:20:48.218106+00:00 DEBUG 'ansible_navigator.main' No valid settings file found, using all default values for settings.
2022-05-26T17:20:48.218117+00:00 DEBUG 'ansible_navigator.main' Command provided: 'doc'
2022-05-26T17:20:48.218127+00:00 DEBUG 'ansible_navigator.main' EE support enabled: using current working directory for 'ansible.cfg'
2022-05-26T17:20:48.218137+00:00 INFO 'ansible_navigator.main' EE support enabled: no 'ansible.cfg' found in current working directory. Tried /home/dmcrae/grad_repo/AnsibleCollectionsEE/ansible.cfg
2022-05-26T17:20:48.218147+00:00 DEBUG 'ansible_navigator.main' Completed post processing for ansible_runner_artifact_dir. (changed=False)
2022-05-26T17:20:48.218158+00:00 DEBUG 'ansible_navigator.main' Completed post processing for ansible_runner_rotate_artifacts_count. (changed=False)
2022-05-26T17:20:48.218179+00:00 DEBUG 'ansible_navigator.main' Completed post processing for ansible_runner_timeout. (changed=False)
2022-05-26T17:20:48.218190+00:00 DEBUG 'ansible_navigator.main' Completed post processing for cmdline. (changed=False)
2022-05-26T17:20:48.218202+00:00 DEBUG 'ansible_navigator.main' Completed post processing for collection_doc_cache_path. (changed=False)
2022-05-26T17:20:48.218212+00:00 DEBUG 'ansible_navigator.main' Completed post processing for container_engine. (changed=True)
2022-05-26T17:20:48.218222+00:00 DEBUG 'ansible_navigator.main'  before: 'auto'
2022-05-26T17:20:48.218231+00:00 DEBUG 'ansible_navigator.main'  after: 'podman'
2022-05-26T17:20:48.218241+00:00 DEBUG 'ansible_navigator.main' Completed post processing for container_options. (changed=False)
2022-05-26T17:20:48.218251+00:00 DEBUG 'ansible_navigator.main' Completed post processing for display_color. (changed=False)
2022-05-26T17:20:48.218261+00:00 DEBUG 'ansible_navigator.main' Completed post processing for execution_environment. (changed=False)
2022-05-26T17:20:48.218271+00:00 DEBUG 'ansible_navigator.main' Completed post processing for execution_environment_image. (changed=False)
2022-05-26T17:20:48.218283+00:00 DEBUG 'ansible_navigator.main' Completed post processing for help_builder. (changed=False)
2022-05-26T17:20:48.218294+00:00 DEBUG 'ansible_navigator.main' Completed post processing for help_config. (changed=False)
2022-05-26T17:20:48.218305+00:00 DEBUG 'ansible_navigator.main' Completed post processing for help_doc. (changed=False)
2022-05-26T17:20:48.218316+00:00 DEBUG 'ansible_navigator.main' Completed post processing for help_inventory. (changed=False)
2022-05-26T17:20:48.218327+00:00 DEBUG 'ansible_navigator.main' Completed post processing for help_playbook. (changed=False)
2022-05-26T17:20:48.218338+00:00 DEBUG 'ansible_navigator.main' Completed post processing for images_details. (changed=False)
2022-05-26T17:20:48.218348+00:00 DEBUG 'ansible_navigator.main' Completed post processing for inventory. (changed=False)
2022-05-26T17:20:48.218358+00:00 DEBUG 'ansible_navigator.main' Completed post processing for inventory_column. (changed=False)
2022-05-26T17:20:48.218369+00:00 DEBUG 'ansible_navigator.main' Completed post processing for log_file. (changed=False)
2022-05-26T17:20:48.218379+00:00 DEBUG 'ansible_navigator.main' Completed post processing for pass_environment_variable. (changed=False)
2022-05-26T17:20:48.218389+00:00 DEBUG 'ansible_navigator.main' Completed post processing for playbook. (changed=False)
2022-05-26T17:20:48.218399+00:00 DEBUG 'ansible_navigator.main' Completed post processing for playbook_artifact_replay. (changed=False)
2022-05-26T17:20:48.218409+00:00 DEBUG 'ansible_navigator.main' Completed post processing for playbook_artifact_save_as. (changed=False)
2022-05-26T17:20:48.218419+00:00 DEBUG 'ansible_navigator.main' Completed post processing for plugin_name. (changed=False)
2022-05-26T17:20:48.218429+00:00 DEBUG 'ansible_navigator.main' Completed post processing for pull_arguments. (changed=False)
2022-05-26T17:20:48.218439+00:00 DEBUG 'ansible_navigator.main' Completed post processing for set_environment_variable. (changed=False)
2022-05-26T17:20:48.218449+00:00 DEBUG 'ansible_navigator.main' Completed post processing for settings_effective. (changed=False)
2022-05-26T17:20:48.218459+00:00 DEBUG 'ansible_navigator.main' Completed post processing for settings_sample. (changed=False)
2022-05-26T17:20:48.218469+00:00 DEBUG 'ansible_navigator.main' Completed post processing for settings_schema. (changed=False)
2022-05-26T17:20:48.218479+00:00 DEBUG 'ansible_navigator.main' Completed post processing for settings_sources. (changed=False)
2022-05-26T17:20:48.218489+00:00 DEBUG 'ansible_navigator.main' Completed post processing for time_zone. (changed=False)
2022-05-26T17:20:48.218499+00:00 DEBUG 'ansible_navigator.main' Completed post processing for execution_environment_volume_mounts. (changed=False)
2022-05-26T17:20:48.218510+00:00 DEBUG 'ansible_navigator.main' Completed post processing for mode. (changed=False)
2022-05-26T17:20:48.218522+00:00 WARNING 'ansible_navigator.main' Configuration errors encountered, rolling back to previous configuration.
2022-05-26T17:20:48.218547+00:00 DEBUG 'ansible_navigator.main' Prior to rollback: ansible_runner_artifact_dir = 'Not set' (Constants/Not set)
2022-05-26T17:20:48.218559+00:00 DEBUG 'ansible_navigator.main' Prior to rollback: ansible_runner_rotate_artifacts_count = 'Not set' (Constants/Not set)
2022-05-26T17:20:48.218570+00:00 DEBUG 'ansible_navigator.main' Prior to rollback: ansible_runner_timeout = 'Not set' (Constants/Not set)
2022-05-26T17:20:48.218581+00:00 DEBUG 'ansible_navigator.main' Prior to rollback: app = 'doc' (str/Command line)
2022-05-26T17:20:48.218592+00:00 DEBUG 'ansible_navigator.main' Prior to rollback: cmdline = 'Not set' (Constants/Not set)
2022-05-26T17:20:48.218602+00:00 DEBUG 'ansible_navigator.main' Prior to rollback: collection_doc_cache_path = '/home/dmcrae/.cache/ansible-navigator/collection_doc_cache.db' (str/Defaults)
2022-05-26T17:20:48.218624+00:00 DEBUG 'ansible_navigator.main' Prior to rollback: config = 'Not set' (Constants/Not set)
2022-05-26T17:20:48.218635+00:00 DEBUG 'ansible_navigator.main' Prior to rollback: container_engine = 'podman' (str/Automatically determined)
2022-05-26T17:20:48.218648+00:00 DEBUG 'ansible_navigator.main' Prior to rollback: container_options = 'Not set' (Constants/Not set)
2022-05-26T17:20:48.218658+00:00 DEBUG 'ansible_navigator.main' Prior to rollback: display_color = 'True' (bool/Defaults)
2022-05-26T17:20:48.218668+00:00 DEBUG 'ansible_navigator.main' Prior to rollback: editor_command = 'vi +{line_number} {filename}' (str/Defaults)
2022-05-26T17:20:48.218678+00:00 DEBUG 'ansible_navigator.main' Prior to rollback: editor_console = 'True' (bool/Defaults)
2022-05-26T17:20:48.218688+00:00 DEBUG 'ansible_navigator.main' Prior to rollback: exec_command = '/bin/bash' (str/Defaults)
2022-05-26T17:20:48.218699+00:00 DEBUG 'ansible_navigator.main' Prior to rollback: exec_shell = 'True' (bool/Defaults)
2022-05-26T17:20:48.218709+00:00 DEBUG 'ansible_navigator.main' Prior to rollback: execution_environment = 'True' (bool/Defaults)
2022-05-26T17:20:48.218719+00:00 DEBUG 'ansible_navigator.main' Prior to rollback: execution_environment_image = 'quay.io/ansible/creator-ee:v0.4.2' (str/Defaults)
2022-05-26T17:20:48.218729+00:00 DEBUG 'ansible_navigator.main' Prior to rollback: execution_environment_volume_mounts = 'Not set' (Constants/Not set)
2022-05-26T17:20:48.218739+00:00 DEBUG 'ansible_navigator.main' Prior to rollback: help_builder = 'False' (bool/Defaults)
2022-05-26T17:20:48.218749+00:00 DEBUG 'ansible_navigator.main' Prior to rollback: help_config = 'False' (bool/Defaults)
2022-05-26T17:20:48.218759+00:00 DEBUG 'ansible_navigator.main' Prior to rollback: help_doc = 'False' (bool/Defaults)
2022-05-26T17:20:48.218769+00:00 DEBUG 'ansible_navigator.main' Prior to rollback: help_inventory = 'False' (bool/Defaults)
2022-05-26T17:20:48.218779+00:00 DEBUG 'ansible_navigator.main' Prior to rollback: help_playbook = 'False' (bool/Defaults)
2022-05-26T17:20:48.218789+00:00 DEBUG 'ansible_navigator.main' Prior to rollback: images_details = '['everything']' (list/Defaults)
2022-05-26T17:20:48.218801+00:00 DEBUG 'ansible_navigator.main' Prior to rollback: inventory = 'Not set' (Constants/Not set)
2022-05-26T17:20:48.218812+00:00 DEBUG 'ansible_navigator.main' Prior to rollback: inventory_column = 'Not set' (Constants/Not set)
2022-05-26T17:20:48.218823+00:00 DEBUG 'ansible_navigator.main' Prior to rollback: lint_config = 'Not set' (Constants/Not set)
2022-05-26T17:20:48.218833+00:00 DEBUG 'ansible_navigator.main' Prior to rollback: lintables = 'Not set' (Constants/Not set)
2022-05-26T17:20:48.218844+00:00 DEBUG 'ansible_navigator.main' Prior to rollback: log_append = 'True' (bool/Defaults)
2022-05-26T17:20:48.218856+00:00 DEBUG 'ansible_navigator.main' Prior to rollback: log_file = '/home/dmcrae/grad_repo/AnsibleCollectionsEE/ansible-navigator.log' (str/Defaults)
2022-05-26T17:20:48.218867+00:00 DEBUG 'ansible_navigator.main' Prior to rollback: log_level = 'warning' (str/Defaults)
2022-05-26T17:20:48.218878+00:00 DEBUG 'ansible_navigator.main' Prior to rollback: mode = 'interactive' (str/Defaults)
2022-05-26T17:20:48.218888+00:00 DEBUG 'ansible_navigator.main' Prior to rollback: osc4 = 'True' (bool/Defaults)
2022-05-26T17:20:48.218898+00:00 DEBUG 'ansible_navigator.main' Prior to rollback: pass_environment_variable = 'Not set' (Constants/Not set)
2022-05-26T17:20:48.218908+00:00 DEBUG 'ansible_navigator.main' Prior to rollback: playbook = 'Not set' (Constants/Not set)
2022-05-26T17:20:48.218918+00:00 DEBUG 'ansible_navigator.main' Prior to rollback: playbook_artifact_enable = 'True' (bool/Defaults)
2022-05-26T17:20:48.218928+00:00 DEBUG 'ansible_navigator.main' Prior to rollback: playbook_artifact_replay = 'Not set' (Constants/Not set)
2022-05-26T17:20:48.218938+00:00 DEBUG 'ansible_navigator.main' Prior to rollback: playbook_artifact_save_as = '{playbook_dir}/{playbook_name}-artifact-{time_stamp}.json' (str/Defaults)
2022-05-26T17:20:48.218948+00:00 DEBUG 'ansible_navigator.main' Prior to rollback: plugin_name = 'Not set' (Constants/Not set)
2022-05-26T17:20:48.218958+00:00 DEBUG 'ansible_navigator.main' Prior to rollback: plugin_type = 'module' (str/Defaults)
2022-05-26T17:20:48.218968+00:00 DEBUG 'ansible_navigator.main' Prior to rollback: pull_arguments = 'Not set' (Constants/Not set)
2022-05-26T17:20:48.218979+00:00 DEBUG 'ansible_navigator.main' Prior to rollback: pull_policy = 'tag' (str/Defaults)
2022-05-26T17:20:48.218989+00:00 DEBUG 'ansible_navigator.main' Prior to rollback: set_environment_variable = 'Not set' (Constants/Not set)
2022-05-26T17:20:48.218999+00:00 DEBUG 'ansible_navigator.main' Prior to rollback: settings_effective = 'False' (bool/Defaults)
2022-05-26T17:20:48.219008+00:00 DEBUG 'ansible_navigator.main' Prior to rollback: settings_sample = 'False' (bool/Defaults)
2022-05-26T17:20:48.219018+00:00 DEBUG 'ansible_navigator.main' Prior to rollback: settings_schema = 'json' (str/Defaults)
2022-05-26T17:20:48.219029+00:00 DEBUG 'ansible_navigator.main' Prior to rollback: settings_sources = 'False' (bool/Defaults)
2022-05-26T17:20:48.219039+00:00 DEBUG 'ansible_navigator.main' Prior to rollback: time_zone = 'UTC' (str/Defaults)
2022-05-26T17:20:48.219049+00:00 DEBUG 'ansible_navigator.main' Prior to rollback: workdir = '/home/dmcrae/grad_repo/AnsibleCollectionsEE' (str/Defaults)
2022-05-26T17:20:48.219059+00:00 DEBUG 'ansible_navigator.main' After rollback: ansible_runner_artifact_dir = 'Not set' (Constants/Not set)
2022-05-26T17:20:48.219069+00:00 DEBUG 'ansible_navigator.main' After rollback: ansible_runner_rotate_artifacts_count = 'Not set' (Constants/Not set)
2022-05-26T17:20:48.219079+00:00 DEBUG 'ansible_navigator.main' After rollback: ansible_runner_timeout = 'Not set' (Constants/Not set)
2022-05-26T17:20:48.219089+00:00 DEBUG 'ansible_navigator.main' After rollback: app = 'Not set' (Constants/Not set)
2022-05-26T17:20:48.219099+00:00 DEBUG 'ansible_navigator.main' After rollback: cmdline = 'Not set' (Constants/Not set)
2022-05-26T17:20:48.219109+00:00 DEBUG 'ansible_navigator.main' After rollback: collection_doc_cache_path = 'Not set' (Constants/Not set)
2022-05-26T17:20:48.219119+00:00 DEBUG 'ansible_navigator.main' After rollback: config = 'Not set' (Constants/Not set)
2022-05-26T17:20:48.219130+00:00 DEBUG 'ansible_navigator.main' After rollback: container_engine = 'Not set' (Constants/Not set)
2022-05-26T17:20:48.219140+00:00 DEBUG 'ansible_navigator.main' After rollback: container_options = 'Not set' (Constants/Not set)
2022-05-26T17:20:48.219150+00:00 DEBUG 'ansible_navigator.main' After rollback: display_color = 'Not set' (Constants/Not set)
2022-05-26T17:20:48.219160+00:00 DEBUG 'ansible_navigator.main' After rollback: editor_command = 'Not set' (Constants/Not set)
2022-05-26T17:20:48.219170+00:00 DEBUG 'ansible_navigator.main' After rollback: editor_console = 'Not set' (Constants/Not set)
2022-05-26T17:20:48.219180+00:00 DEBUG 'ansible_navigator.main' After rollback: exec_command = 'Not set' (Constants/Not set)
2022-05-26T17:20:48.219191+00:00 DEBUG 'ansible_navigator.main' After rollback: exec_shell = 'Not set' (Constants/Not set)
2022-05-26T17:20:48.219201+00:00 DEBUG 'ansible_navigator.main' After rollback: execution_environment = 'Not set' (Constants/Not set)
2022-05-26T17:20:48.219211+00:00 DEBUG 'ansible_navigator.main' After rollback: execution_environment_image = 'Not set' (Constants/Not set)
2022-05-26T17:20:48.219221+00:00 DEBUG 'ansible_navigator.main' After rollback: execution_environment_volume_mounts = 'Not set' (Constants/Not set)
2022-05-26T17:20:48.219231+00:00 DEBUG 'ansible_navigator.main' After rollback: help_builder = 'Not set' (Constants/Not set)
2022-05-26T17:20:48.219241+00:00 DEBUG 'ansible_navigator.main' After rollback: help_config = 'Not set' (Constants/Not set)
2022-05-26T17:20:48.219251+00:00 DEBUG 'ansible_navigator.main' After rollback: help_doc = 'Not set' (Constants/Not set)
2022-05-26T17:20:48.219261+00:00 DEBUG 'ansible_navigator.main' After rollback: help_inventory = 'Not set' (Constants/Not set)
2022-05-26T17:20:48.219272+00:00 DEBUG 'ansible_navigator.main' After rollback: help_playbook = 'Not set' (Constants/Not set)
2022-05-26T17:20:48.219282+00:00 DEBUG 'ansible_navigator.main' After rollback: images_details = 'Not set' (Constants/Not set)
2022-05-26T17:20:48.219293+00:00 DEBUG 'ansible_navigator.main' After rollback: inventory = 'Not set' (Constants/Not set)
2022-05-26T17:20:48.219305+00:00 DEBUG 'ansible_navigator.main' After rollback: inventory_column = 'Not set' (Constants/Not set)
2022-05-26T17:20:48.219315+00:00 DEBUG 'ansible_navigator.main' After rollback: lint_config = 'Not set' (Constants/Not set)
2022-05-26T17:20:48.219326+00:00 DEBUG 'ansible_navigator.main' After rollback: lintables = 'Not set' (Constants/Not set)
2022-05-26T17:20:48.219337+00:00 DEBUG 'ansible_navigator.main' After rollback: log_append = 'Not set' (Constants/Not set)
2022-05-26T17:20:48.219347+00:00 DEBUG 'ansible_navigator.main' After rollback: log_file = 'Not set' (Constants/Not set)
2022-05-26T17:20:48.219357+00:00 DEBUG 'ansible_navigator.main' After rollback: log_level = 'Not set' (Constants/Not set)
2022-05-26T17:20:48.219368+00:00 DEBUG 'ansible_navigator.main' After rollback: mode = 'Not set' (Constants/Not set)
2022-05-26T17:20:48.219378+00:00 DEBUG 'ansible_navigator.main' After rollback: osc4 = 'Not set' (Constants/Not set)
2022-05-26T17:20:48.219388+00:00 DEBUG 'ansible_navigator.main' After rollback: pass_environment_variable = 'Not set' (Constants/Not set)
2022-05-26T17:20:48.219398+00:00 DEBUG 'ansible_navigator.main' After rollback: playbook = 'Not set' (Constants/Not set)
2022-05-26T17:20:48.219408+00:00 DEBUG 'ansible_navigator.main' After rollback: playbook_artifact_enable = 'Not set' (Constants/Not set)
2022-05-26T17:20:48.219418+00:00 DEBUG 'ansible_navigator.main' After rollback: playbook_artifact_replay = 'Not set' (Constants/Not set)
2022-05-26T17:20:48.219428+00:00 DEBUG 'ansible_navigator.main' After rollback: playbook_artifact_save_as = 'Not set' (Constants/Not set)
2022-05-26T17:20:48.219438+00:00 DEBUG 'ansible_navigator.main' After rollback: plugin_name = 'Not set' (Constants/Not set)
2022-05-26T17:20:48.219448+00:00 DEBUG 'ansible_navigator.main' After rollback: plugin_type = 'Not set' (Constants/Not set)
2022-05-26T17:20:48.219458+00:00 DEBUG 'ansible_navigator.main' After rollback: pull_arguments = 'Not set' (Constants/Not set)
2022-05-26T17:20:48.219468+00:00 DEBUG 'ansible_navigator.main' After rollback: pull_policy = 'Not set' (Constants/Not set)
2022-05-26T17:20:48.219478+00:00 DEBUG 'ansible_navigator.main' After rollback: set_environment_variable = 'Not set' (Constants/Not set)
2022-05-26T17:20:48.219488+00:00 DEBUG 'ansible_navigator.main' After rollback: settings_effective = 'Not set' (Constants/Not set)
2022-05-26T17:20:48.219498+00:00 DEBUG 'ansible_navigator.main' After rollback: settings_sample = 'Not set' (Constants/Not set)
2022-05-26T17:20:48.219508+00:00 DEBUG 'ansible_navigator.main' After rollback: settings_schema = 'Not set' (Constants/Not set)
2022-05-26T17:20:48.219527+00:00 DEBUG 'ansible_navigator.main' After rollback: settings_sources = 'Not set' (Constants/Not set)
2022-05-26T17:20:48.219555+00:00 DEBUG 'ansible_navigator.main' After rollback: time_zone = 'Not set' (Constants/Not set)
2022-05-26T17:20:48.219573+00:00 DEBUG 'ansible_navigator.main' After rollback: workdir = 'Not set' (Constants/Not set)
2022-05-26T17:20:48.219596+00:00 DEBUG 'ansible_navigator.main' Configuration rollback complete.
2022-05-26T17:20:48.219608+00:00 DEBUG 'ansible_navigator.main' Collection doc cache not mounted
2022-05-26T17:20:48.219627+00:00 WARNING 'ansible_navigator.main' Issues were found while applying the settings.
2022-05-26T17:20:48.219640+00:00 INFO 'ansible_navigator.main' Command provided: 'doc'
2022-05-26T17:20:48.219654+00:00 ERROR 'ansible_navigator.main' A plugin name or other parameter is required when using the doc subcommand
2022-05-26T17:20:48.219668+00:00 INFO 'ansible_navigator.main' Try again with 'doc <plugin_name>'
2022-05-26T17:20:48.219681+00:00 INFO 'ansible_navigator.main' Configuration failed, using default log file location. (/home/dmcrae/grad_repo/AnsibleCollectionsEE/ansible-navigator.log) Log level set to debug
2022-05-26T17:20:48.219693+00:00 INFO 'ansible_navigator.main' Review the hints and log file to see what went wrong.
2022-05-26T17:23:30.210426+00:00 CRITICAL 'ansible_navigator.actions.run_playbook._handle_message' Unhandled message from runner queue, discarded: {'event': 'verbose', 'uuid': '3f139656-623e-4a50-a0d2-505510b61a10', 'counter': 1, 'stdout': '\x1b[1;35m[WARNING]: provided hosts list is empty, only localhost is available. Note that\x1b[0m', 'start_line': 0, 'end_line': 1, 'runner_ident': '2ba795db-bcf9-4649-ad74-f34d291c05c0', 'created': '2022-05-26T17:23:30.201049'}
2022-05-26T17:23:30.210863+00:00 CRITICAL 'ansible_navigator.actions.run_playbook._handle_message' Unhandled message from runner queue, discarded: {'event': 'verbose', 'uuid': '6afaa9be-a957-44f4-be5f-dd289523fb30', 'counter': 2, 'stdout': "\x1b[1;35mthe implicit localhost does not match 'all'\x1b[0m", 'start_line': 1, 'end_line': 2, 'runner_ident': '2ba795db-bcf9-4649-ad74-f34d291c05c0', 'created': '2022-05-26T17:23:30.201194'}
2022-05-26T17:23:47.254320+00:00 WARNING 'ansible_navigator.run' Dirty exit, killing the pid
